<?xml version="1.0" encoding="UTF-8"?>
<coverage generated="1778731599555" clover="3.2.0">
  <project timestamp="1778731599555" name="All files">
    <metrics statements="324" coveredstatements="318" conditionals="182" coveredconditionals="155" methods="73" coveredmethods="72" elements="579" coveredelements="545" complexity="0" loc="324" ncloc="324" packages="1" files="4" classes="4"/>
    <file name="budget.js" path="/workspaces/CPT304-41/budget.js">
      <metrics statements="221" coveredstatements="217" conditionals="119" coveredconditionals="101" methods="49" coveredmethods="48"/>
      <line num="4" count="55" type="stmt"/>
      <line num="5" count="55" type="stmt"/>
      <line num="6" count="55" type="stmt"/>
      <line num="8" count="55" type="stmt"/>
      <line num="9" count="55" type="stmt"/>
      <line num="10" count="55" type="stmt"/>
      <line num="11" count="55" type="stmt"/>
      <line num="12" count="55" type="stmt"/>
      <line num="14" count="55" type="stmt"/>
      <line num="17" count="290" type="cond" truecount="1" falsecount="1"/>
      <line num="25" count="199" type="cond" truecount="1" falsecount="1"/>
      <line num="29" count="182" type="stmt"/>
      <line num="30" count="182" type="cond" truecount="1" falsecount="1"/>
      <line num="32" count="0" type="stmt"/>
      <line num="33" count="0" type="stmt"/>
      <line num="38" count="80" type="cond" truecount="1" falsecount="1"/>
      <line num="39" count="80" type="stmt"/>
      <line num="42" count="0" type="stmt"/>
      <line num="46" count="8" type="cond" truecount="1" falsecount="1"/>
      <line num="47" count="8" type="stmt"/>
      <line num="52" count="54" type="stmt"/>
      <line num="54" count="54" type="cond" truecount="1" falsecount="1"/>
      <line num="56" count="54" type="stmt"/>
      <line num="82" count="54" type="stmt"/>
      <line num="103" count="54" type="stmt"/>
      <line num="107" count="53" type="cond" truecount="2" falsecount="0"/>
      <line num="108" count="1" type="stmt"/>
      <line num="109" count="1" type="stmt"/>
      <line num="112" count="52" type="stmt"/>
      <line num="114" count="52" type="cond" truecount="1" falsecount="1"/>
      <line num="115" count="52" type="stmt"/>
      <line num="118" count="52" type="stmt"/>
      <line num="119" count="52" type="stmt"/>
      <line num="120" count="52" type="stmt"/>
      <line num="121" count="52" type="stmt"/>
      <line num="123" count="52" type="cond" truecount="3" falsecount="1"/>
      <line num="124" count="52" type="stmt"/>
      <line num="125" count="0" type="stmt"/>
      <line num="128" count="52" type="stmt"/>
      <line num="131" count="52" type="stmt"/>
      <line num="135" count="52" type="stmt"/>
      <line num="136" count="2" type="stmt"/>
      <line num="138" count="2" type="cond" truecount="2" falsecount="0"/>
      <line num="140" count="1" type="stmt"/>
      <line num="141" count="1" type="stmt"/>
      <line num="142" count="1" type="stmt"/>
      <line num="145" count="52" type="stmt"/>
      <line num="146" count="3" type="stmt"/>
      <line num="148" count="3" type="cond" truecount="2" falsecount="0"/>
      <line num="150" count="2" type="stmt"/>
      <line num="151" count="2" type="stmt"/>
      <line num="152" count="2" type="stmt"/>
      <line num="155" count="52" type="stmt"/>
      <line num="156" count="52" type="stmt"/>
      <line num="157" count="52" type="stmt"/>
      <line num="161" count="52" type="stmt"/>
      <line num="162" count="1" type="stmt"/>
      <line num="163" count="1" type="stmt"/>
      <line num="164" count="1" type="stmt"/>
      <line num="165" count="1" type="stmt"/>
      <line num="168" count="52" type="stmt"/>
      <line num="169" count="1" type="stmt"/>
      <line num="170" count="1" type="stmt"/>
      <line num="171" count="1" type="stmt"/>
      <line num="172" count="1" type="stmt"/>
      <line num="175" count="52" type="stmt"/>
      <line num="176" count="1" type="stmt"/>
      <line num="177" count="1" type="stmt"/>
      <line num="178" count="1" type="stmt"/>
      <line num="179" count="1" type="stmt"/>
      <line num="184" count="4" type="stmt"/>
      <line num="185" count="4" type="stmt"/>
      <line num="187" count="4" type="cond" truecount="2" falsecount="0"/>
      <line num="189" count="3" type="cond" truecount="2" falsecount="0"/>
      <line num="190" count="1" type="stmt"/>
      <line num="191" count="2" type="cond" truecount="2" falsecount="0"/>
      <line num="192" count="1" type="stmt"/>
      <line num="197" count="6" type="stmt"/>
      <line num="199" count="6" type="cond" truecount="5" falsecount="0"/>
      <line num="200" count="1" type="stmt"/>
      <line num="201" count="1" type="stmt"/>
      <line num="204" count="5" type="stmt"/>
      <line num="205" count="5" type="stmt"/>
      <line num="209" count="4" type="stmt"/>
      <line num="211" count="4" type="cond" truecount="5" falsecount="0"/>
      <line num="212" count="1" type="stmt"/>
      <line num="213" count="1" type="stmt"/>
      <line num="216" count="3" type="stmt"/>
      <line num="218" count="3" type="cond" truecount="2" falsecount="0"/>
      <line num="219" count="2" type="stmt"/>
      <line num="220" count="2" type="stmt"/>
      <line num="221" count="1" type="cond" truecount="1" falsecount="1"/>
      <line num="222" count="1" type="stmt"/>
      <line num="223" count="1" type="stmt"/>
      <line num="226" count="3" type="stmt"/>
      <line num="230" count="72" type="stmt"/>
      <line num="232" count="72" type="cond" truecount="4" falsecount="0"/>
      <line num="233" count="1" type="stmt"/>
      <line num="236" count="71" type="stmt"/>
      <line num="237" count="71" type="stmt"/>
      <line num="238" count="71" type="stmt"/>
      <line num="240" count="71" type="cond" truecount="2" falsecount="0"/>
      <line num="242" count="71" type="stmt"/>
      <line num="243" count="71" type="stmt"/>
      <line num="244" count="71" type="stmt"/>
      <line num="246" count="71" type="stmt"/>
      <line num="248" count="71" type="stmt"/>
      <line num="249" count="18" type="cond" truecount="2" falsecount="0"/>
      <line num="250" count="7" type="stmt"/>
      <line num="251" count="11" type="cond" truecount="1" falsecount="1"/>
      <line num="252" count="11" type="stmt"/>
      <line num="255" count="18" type="stmt"/>
      <line num="258" count="71" type="cond" truecount="1" falsecount="1"/>
      <line num="259" count="71" type="stmt"/>
      <line num="262" count="71" type="stmt"/>
      <line num="266" count="36" type="stmt"/>
      <line num="267" count="36" type="stmt"/>
      <line num="269" count="36" type="cond" truecount="3" falsecount="1"/>
      <line num="271" count="36" type="stmt"/>
      <line num="272" count="36" type="stmt"/>
      <line num="273" count="36" type="stmt"/>
      <line num="275" count="36" type="stmt"/>
      <line num="276" count="36" type="stmt"/>
      <line num="277" count="36" type="stmt"/>
      <line num="279" count="36" type="stmt"/>
      <line num="280" count="36" type="stmt"/>
      <line num="281" count="36" type="stmt"/>
      <line num="283" count="36" type="stmt"/>
      <line num="284" count="36" type="stmt"/>
      <line num="285" count="36" type="stmt"/>
      <line num="287" count="36" type="stmt"/>
      <line num="288" count="36" type="stmt"/>
      <line num="292" count="11" type="stmt"/>
      <line num="293" count="11" type="stmt"/>
      <line num="295" count="11" type="cond" truecount="4" falsecount="0"/>
      <line num="296" count="4" type="stmt"/>
      <line num="297" count="4" type="stmt"/>
      <line num="300" count="7" type="stmt"/>
      <line num="302" count="7" type="cond" truecount="2" falsecount="0"/>
      <line num="303" count="1" type="stmt"/>
      <line num="304" count="1" type="stmt"/>
      <line num="307" count="6" type="cond" truecount="5" falsecount="0"/>
      <line num="308" count="2" type="stmt"/>
      <line num="309" count="2" type="stmt"/>
      <line num="312" count="4" type="stmt"/>
      <line num="320" count="4" type="stmt"/>
      <line num="321" count="7" type="stmt"/>
      <line num="322" count="7" type="stmt"/>
      <line num="327" count="73" type="stmt"/>
      <line num="328" count="215" type="cond" truecount="2" falsecount="0"/>
      <line num="329" count="214" type="stmt"/>
      <line num="335" count="144" type="stmt"/>
      <line num="336" count="42" type="cond" truecount="2" falsecount="0"/>
      <line num="342" count="73" type="stmt"/>
      <line num="346" count="252" type="stmt"/>
      <line num="350" count="57" type="stmt"/>
      <line num="351" count="57" type="stmt"/>
      <line num="353" count="57" type="cond" truecount="1" falsecount="1"/>
      <line num="355" count="57" type="stmt"/>
      <line num="356" count="57" type="stmt"/>
      <line num="358" count="57" type="cond" truecount="2" falsecount="0"/>
      <line num="360" count="4" type="stmt"/>
      <line num="362" count="3" type="cond" truecount="2" falsecount="0"/>
      <line num="363" count="1" type="stmt"/>
      <line num="364" count="1" type="stmt"/>
      <line num="365" count="1" type="stmt"/>
      <line num="368" count="2" type="stmt"/>
      <line num="370" count="1" type="stmt"/>
      <line num="371" count="1" type="stmt"/>
      <line num="372" count="1" type="stmt"/>
      <line num="377" count="71" type="stmt"/>
      <line num="378" count="71" type="stmt"/>
      <line num="380" count="71" type="cond" truecount="1" falsecount="1"/>
      <line num="382" count="71" type="stmt"/>
      <line num="383" count="71" type="stmt"/>
      <line num="385" count="1" type="stmt"/>
      <line num="386" count="1" type="stmt"/>
      <line num="391" count="12" type="stmt"/>
      <line num="402" count="4" type="stmt"/>
      <line num="410" count="54" type="stmt"/>
      <line num="411" count="54" type="stmt"/>
      <line num="412" count="54" type="stmt"/>
      <line num="414" count="54" type="cond" truecount="3" falsecount="1"/>
      <line num="416" count="54" type="stmt"/>
      <line num="417" count="54" type="stmt"/>
      <line num="418" count="54" type="stmt"/>
      <line num="420" count="54" type="cond" truecount="5" falsecount="0"/>
      <line num="422" count="53" type="stmt"/>
      <line num="424" count="53" type="cond" truecount="2" falsecount="0"/>
      <line num="425" count="51" type="stmt"/>
      <line num="427" count="2" type="stmt"/>
      <line num="430" count="53" type="stmt"/>
      <line num="431" count="1" type="stmt"/>
      <line num="432" count="1" type="stmt"/>
      <line num="435" count="53" type="stmt"/>
      <line num="436" count="1" type="stmt"/>
      <line num="437" count="1" type="stmt"/>
      <line num="442" count="5" type="cond" truecount="2" falsecount="0"/>
      <line num="443" count="4" type="stmt"/>
      <line num="448" count="5" type="stmt"/>
      <line num="449" count="8" type="cond" truecount="2" falsecount="0"/>
      <line num="450" count="7" type="stmt"/>
      <line num="456" count="5" type="cond" truecount="2" falsecount="0"/>
      <line num="457" count="4" type="stmt"/>
      <line num="462" count="5" type="stmt"/>
      <line num="463" count="8" type="cond" truecount="2" falsecount="0"/>
      <line num="464" count="7" type="stmt"/>
      <line num="470" count="11" type="stmt"/>
      <line num="474" count="11" type="cond" truecount="2" falsecount="0"/>
      <line num="475" count="11" type="stmt"/>
      <line num="479" count="1" type="stmt"/>
      <line num="487" count="55" type="stmt"/>
      <line num="489" count="55" type="cond" truecount="1" falsecount="1"/>
      <line num="491" count="55" type="cond" truecount="2" falsecount="0"/>
      <line num="492" count="52" type="stmt"/>
      <line num="493" count="3" type="cond" truecount="1" falsecount="1"/>
      <line num="494" count="3" type="stmt"/>
      <line num="498" count="55" type="stmt"/>
      <line num="526" count="55" type="stmt"/>
      <line num="527" count="1375" type="stmt"/>
      <line num="530" count="55" type="stmt"/>
    </file>
    <file name="chart.js" path="/workspaces/CPT304-41/chart.js">
      <metrics statements="50" coveredstatements="50" conditionals="35" coveredconditionals="31" methods="8" coveredmethods="8"/>
      <line num="4" count="14" type="stmt"/>
      <line num="5" count="14" type="stmt"/>
      <line num="6" count="14" type="stmt"/>
      <line num="7" count="14" type="stmt"/>
      <line num="10" count="21" type="cond" truecount="2" falsecount="0"/>
      <line num="14" count="29" type="cond" truecount="1" falsecount="1"/>
      <line num="18" count="15" type="stmt"/>
      <line num="19" count="15" type="stmt"/>
      <line num="26" count="15" type="stmt"/>
      <line num="28" count="15" type="cond" truecount="5" falsecount="0"/>
      <line num="29" count="5" type="stmt"/>
      <line num="30" count="5" type="stmt"/>
      <line num="33" count="10" type="stmt"/>
      <line num="35" count="10" type="cond" truecount="2" falsecount="0"/>
      <line num="36" count="2" type="stmt"/>
      <line num="39" count="10" type="stmt"/>
      <line num="40" count="10" type="stmt"/>
      <line num="41" count="10" type="stmt"/>
      <line num="42" count="10" type="stmt"/>
      <line num="44" count="10" type="stmt"/>
      <line num="46" count="10" type="stmt"/>
      <line num="48" count="10" type="cond" truecount="2" falsecount="0"/>
      <line num="49" count="2" type="stmt"/>
      <line num="50" count="2" type="stmt"/>
      <line num="53" count="8" type="stmt"/>
      <line num="54" count="8" type="stmt"/>
      <line num="56" count="8" type="stmt"/>
      <line num="60" count="7" type="cond" truecount="4" falsecount="0"/>
      <line num="62" count="6" type="stmt"/>
      <line num="63" count="6" type="stmt"/>
      <line num="64" count="6" type="stmt"/>
      <line num="72" count="6" type="stmt"/>
      <line num="76" count="6" type="stmt"/>
      <line num="78" count="6" type="cond" truecount="6" falsecount="0"/>
      <line num="80" count="3" type="cond" truecount="2" falsecount="0"/>
      <line num="81" count="3" type="cond" truecount="1" falsecount="1"/>
      <line num="82" count="3" type="stmt"/>
      <line num="84" count="3" type="stmt"/>
      <line num="86" count="3" type="cond" truecount="2" falsecount="0"/>
      <line num="88" count="3" type="stmt"/>
      <line num="89" count="3" type="stmt"/>
      <line num="93" count="14" type="stmt"/>
      <line num="98" count="14" type="cond" truecount="2" falsecount="0"/>
      <line num="99" count="10" type="stmt"/>
      <line num="100" count="4" type="cond" truecount="1" falsecount="1"/>
      <line num="101" count="4" type="stmt"/>
      <line num="105" count="14" type="stmt"/>
      <line num="111" count="14" type="stmt"/>
      <line num="112" count="42" type="stmt"/>
      <line num="115" count="14" type="stmt"/>
    </file>
    <file name="config.js" path="/workspaces/CPT304-41/config.js">
      <metrics statements="1" coveredstatements="1" conditionals="0" coveredconditionals="0" methods="0" coveredmethods="0"/>
      <line num="4" count="95" type="stmt"/>
    </file>
    <file name="i18n.js" path="/workspaces/CPT304-41/i18n.js">
      <metrics statements="52" coveredstatements="50" conditionals="28" coveredconditionals="23" methods="16" coveredmethods="16"/>
      <line num="5" count="23" type="stmt"/>
      <line num="6" count="23" type="stmt"/>
      <line num="81" count="35" type="cond" truecount="2" falsecount="0"/>
      <line num="87" count="35" type="stmt"/>
      <line num="88" count="35" type="stmt"/>
      <line num="91" count="0" type="stmt"/>
      <line num="92" count="0" type="stmt"/>
      <line num="97" count="23" type="stmt"/>
      <line num="101" count="27" type="stmt"/>
      <line num="102" count="27" type="stmt"/>
      <line num="104" count="27" type="stmt"/>
      <line num="105" count="27" type="cond" truecount="1" falsecount="1"/>
      <line num="109" count="25" type="cond" truecount="4" falsecount="0"/>
      <line num="110" count="2" type="stmt"/>
      <line num="113" count="2" type="stmt"/>
      <line num="116" count="25" type="stmt"/>
      <line num="119" count="23" type="stmt"/>
      <line num="122" count="81" type="stmt"/>
      <line num="130" count="12" type="stmt"/>
      <line num="135" count="12" type="stmt"/>
      <line num="136" count="36" type="stmt"/>
      <line num="139" count="12" type="stmt"/>
      <line num="140" count="12" type="stmt"/>
      <line num="143" count="12" type="stmt"/>
      <line num="144" count="12" type="stmt"/>
      <line num="147" count="12" type="stmt"/>
      <line num="148" count="12" type="stmt"/>
      <line num="151" count="12" type="stmt"/>
      <line num="152" count="24" type="stmt"/>
      <line num="156" count="23" type="stmt"/>
      <line num="158" count="9" type="cond" truecount="2" falsecount="0"/>
      <line num="160" count="8" type="stmt"/>
      <line num="161" count="8" type="stmt"/>
      <line num="162" count="8" type="stmt"/>
      <line num="164" count="8" type="stmt"/>
      <line num="166" count="8" type="cond" truecount="3" falsecount="1"/>
      <line num="167" count="8" type="stmt"/>
      <line num="170" count="8" type="stmt"/>
      <line num="171" count="8" type="cond" truecount="1" falsecount="1"/>
      <line num="172" count="8" type="stmt"/>
      <line num="175" count="1" type="stmt"/>
      <line num="178" count="8" type="stmt"/>
      <line num="181" count="8" type="cond" truecount="1" falsecount="0"/>
      <line num="185" count="8" type="stmt"/>
      <line num="194" count="6" type="stmt"/>
      <line num="199" count="3" type="stmt"/>
      <line num="201" count="3" type="cond" truecount="3" falsecount="1"/>
      <line num="202" count="3" type="stmt"/>
      <line num="205" count="3" type="stmt"/>
      <line num="208" count="23" type="stmt"/>
      <line num="217" count="23" type="stmt"/>
      <line num="218" count="138" type="stmt"/>
    </file>
  </project>
</coverage>
