{"/workspaces/CPT304-41/budget.js": {"path":"/workspaces/CPT304-41/budget.js","statementMap":{"0":{"start":{"line":4,"column":0},"end":{"line":537,"column":60}},"1":{"start":{"line":5,"column":17},"end":{"line":5,"column":25}},"2":{"start":{"line":6,"column":15},"end":{"line":6,"column":21}},"3":{"start":{"line":8,"column":19},"end":{"line":8,"column":21}},"4":{"start":{"line":9,"column":16},"end":{"line":9,"column":17}},"5":{"start":{"line":10,"column":15},"end":{"line":10,"column":16}},"6":{"start":{"line":11,"column":16},"end":{"line":11,"column":17}},"7":{"start":{"line":12,"column":20},"end":{"line":12,"column":25}},"8":{"start":{"line":14,"column":12},"end":{"line":14,"column":14}},"9":{"start":{"line":17,"column":4},"end":{"line":21,"column":6}},"10":{"start":{"line":25,"column":4},"end":{"line":25,"column":33}},"11":{"start":{"line":29,"column":4},"end":{"line":34,"column":5}},"12":{"start":{"line":30,"column":6},"end":{"line":30,"column":39}},"13":{"start":{"line":32,"column":6},"end":{"line":32,"column":60}},"14":{"start":{"line":33,"column":6},"end":{"line":33,"column":18}},"15":{"start":{"line":38,"column":4},"end":{"line":40,"column":5}},"16":{"start":{"line":39,"column":6},"end":{"line":39,"column":25}},"17":{"start":{"line":42,"column":4},"end":{"line":42,"column":15}},"18":{"start":{"line":46,"column":4},"end":{"line":48,"column":5}},"19":{"start":{"line":47,"column":6},"end":{"line":47,"column":26}},"20":{"start":{"line":52,"column":16},"end":{"line":52,"column":29}},"21":{"start":{"line":54,"column":4},"end":{"line":54,"column":27}},"22":{"start":{"line":54,"column":14},"end":{"line":54,"column":27}},"23":{"start":{"line":56,"column":4},"end":{"line":80,"column":6}},"24":{"start":{"line":82,"column":29},"end":{"line":101,"column":5}},"25":{"start":{"line":103,"column":4},"end":{"line":103,"column":43}},"26":{"start":{"line":107,"column":4},"end":{"line":110,"column":5}},"27":{"start":{"line":108,"column":6},"end":{"line":108,"column":53}},"28":{"start":{"line":109,"column":6},"end":{"line":109,"column":19}},"29":{"start":{"line":112,"column":4},"end":{"line":112,"column":31}},"30":{"start":{"line":114,"column":4},"end":{"line":116,"column":5}},"31":{"start":{"line":115,"column":6},"end":{"line":115,"column":22}},"32":{"start":{"line":118,"column":4},"end":{"line":118,"column":15}},"33":{"start":{"line":119,"column":4},"end":{"line":119,"column":23}},"34":{"start":{"line":120,"column":4},"end":{"line":120,"column":23}},"35":{"start":{"line":121,"column":4},"end":{"line":121,"column":23}},"36":{"start":{"line":123,"column":4},"end":{"line":129,"column":5}},"37":{"start":{"line":124,"column":6},"end":{"line":126,"column":9}},"38":{"start":{"line":125,"column":8},"end":{"line":125,"column":19}},"39":{"start":{"line":128,"column":6},"end":{"line":128,"column":25}},"40":{"start":{"line":131,"column":4},"end":{"line":131,"column":16}},"41":{"start":{"line":135,"column":4},"end":{"line":143,"column":7}},"42":{"start":{"line":136,"column":22},"end":{"line":136,"column":87}},"43":{"start":{"line":138,"column":6},"end":{"line":138,"column":27}},"44":{"start":{"line":138,"column":20},"end":{"line":138,"column":27}},"45":{"start":{"line":140,"column":6},"end":{"line":140,"column":31}},"46":{"start":{"line":141,"column":6},"end":{"line":141,"column":17}},"47":{"start":{"line":142,"column":6},"end":{"line":142,"column":56}},"48":{"start":{"line":145,"column":4},"end":{"line":153,"column":7}},"49":{"start":{"line":146,"column":26},"end":{"line":146,"column":88}},"50":{"start":{"line":148,"column":6},"end":{"line":148,"column":31}},"51":{"start":{"line":148,"column":24},"end":{"line":148,"column":31}},"52":{"start":{"line":150,"column":6},"end":{"line":150,"column":35}},"53":{"start":{"line":151,"column":6},"end":{"line":151,"column":17}},"54":{"start":{"line":152,"column":6},"end":{"line":152,"column":54}},"55":{"start":{"line":155,"column":4},"end":{"line":155,"column":59}},"56":{"start":{"line":156,"column":4},"end":{"line":156,"column":60}},"57":{"start":{"line":157,"column":4},"end":{"line":157,"column":56}},"58":{"start":{"line":161,"column":4},"end":{"line":166,"column":7}},"59":{"start":{"line":162,"column":6},"end":{"line":162,"column":26}},"60":{"start":{"line":163,"column":6},"end":{"line":163,"column":38}},"61":{"start":{"line":164,"column":6},"end":{"line":164,"column":29}},"62":{"start":{"line":165,"column":6},"end":{"line":165,"column":44}},"63":{"start":{"line":168,"column":4},"end":{"line":173,"column":7}},"64":{"start":{"line":169,"column":6},"end":{"line":169,"column":25}},"65":{"start":{"line":170,"column":6},"end":{"line":170,"column":39}},"66":{"start":{"line":171,"column":6},"end":{"line":171,"column":28}},"67":{"start":{"line":172,"column":6},"end":{"line":172,"column":45}},"68":{"start":{"line":175,"column":4},"end":{"line":180,"column":7}},"69":{"start":{"line":176,"column":6},"end":{"line":176,"column":22}},"70":{"start":{"line":177,"column":6},"end":{"line":177,"column":42}},"71":{"start":{"line":178,"column":6},"end":{"line":178,"column":25}},"72":{"start":{"line":179,"column":6},"end":{"line":179,"column":48}},"73":{"start":{"line":184,"column":22},"end":{"line":184,"column":34}},"74":{"start":{"line":185,"column":20},"end":{"line":185,"column":43}},"75":{"start":{"line":187,"column":4},"end":{"line":187,"column":25}},"76":{"start":{"line":187,"column":18},"end":{"line":187,"column":25}},"77":{"start":{"line":189,"column":4},"end":{"line":193,"column":5}},"78":{"start":{"line":190,"column":6},"end":{"line":190,"column":25}},"79":{"start":{"line":191,"column":11},"end":{"line":193,"column":5}},"80":{"start":{"line":192,"column":6},"end":{"line":192,"column":27}},"81":{"start":{"line":197,"column":18},"end":{"line":197,"column":36}},"82":{"start":{"line":199,"column":4},"end":{"line":202,"column":5}},"83":{"start":{"line":200,"column":6},"end":{"line":200,"column":63}},"84":{"start":{"line":201,"column":6},"end":{"line":201,"column":13}},"85":{"start":{"line":204,"column":4},"end":{"line":204,"column":32}},"86":{"start":{"line":205,"column":4},"end":{"line":205,"column":15}},"87":{"start":{"line":209,"column":18},"end":{"line":209,"column":36}},"88":{"start":{"line":211,"column":4},"end":{"line":214,"column":5}},"89":{"start":{"line":212,"column":6},"end":{"line":212,"column":62}},"90":{"start":{"line":213,"column":6},"end":{"line":213,"column":13}},"91":{"start":{"line":216,"column":18},"end":{"line":216,"column":35}},"92":{"start":{"line":218,"column":4},"end":{"line":224,"column":5}},"93":{"start":{"line":219,"column":6},"end":{"line":219,"column":42}},"94":{"start":{"line":220,"column":6},"end":{"line":220,"column":44}},"95":{"start":{"line":221,"column":11},"end":{"line":224,"column":5}},"96":{"start":{"line":222,"column":6},"end":{"line":222,"column":43}},"97":{"start":{"line":223,"column":6},"end":{"line":223,"column":45}},"98":{"start":{"line":226,"column":4},"end":{"line":226,"column":25}},"99":{"start":{"line":230,"column":19},"end":{"line":230,"column":30}},"100":{"start":{"line":232,"column":4},"end":{"line":234,"column":5}},"101":{"start":{"line":233,"column":6},"end":{"line":233,"column":13}},"102":{"start":{"line":236,"column":4},"end":{"line":236,"column":50}},"103":{"start":{"line":237,"column":4},"end":{"line":237,"column":52}},"104":{"start":{"line":238,"column":4},"end":{"line":238,"column":48}},"105":{"start":{"line":240,"column":17},"end":{"line":240,"column":81}},"106":{"start":{"line":242,"column":4},"end":{"line":242,"column":89}},"107":{"start":{"line":243,"column":4},"end":{"line":243,"column":100}},"108":{"start":{"line":244,"column":4},"end":{"line":244,"column":98}},"109":{"start":{"line":246,"column":4},"end":{"line":246,"column":65}},"110":{"start":{"line":248,"column":4},"end":{"line":256,"column":7}},"111":{"start":{"line":249,"column":6},"end":{"line":253,"column":7}},"112":{"start":{"line":250,"column":8},"end":{"line":250,"column":81}},"113":{"start":{"line":251,"column":13},"end":{"line":253,"column":7}},"114":{"start":{"line":252,"column":8},"end":{"line":252,"column":80}},"115":{"start":{"line":255,"column":6},"end":{"line":255,"column":75}},"116":{"start":{"line":258,"column":4},"end":{"line":260,"column":5}},"117":{"start":{"line":259,"column":6},"end":{"line":259,"column":40}},"118":{"start":{"line":262,"column":4},"end":{"line":262,"column":18}},"119":{"start":{"line":266,"column":16},"end":{"line":266,"column":29}},"120":{"start":{"line":267,"column":19},"end":{"line":267,"column":30}},"121":{"start":{"line":269,"column":4},"end":{"line":269,"column":30}},"122":{"start":{"line":269,"column":23},"end":{"line":269,"column":30}},"123":{"start":{"line":271,"column":18},"end":{"line":271,"column":41}},"124":{"start":{"line":272,"column":4},"end":{"line":272,"column":18}},"125":{"start":{"line":273,"column":4},"end":{"line":273,"column":27}},"126":{"start":{"line":275,"column":22},"end":{"line":275,"column":46}},"127":{"start":{"line":276,"column":4},"end":{"line":276,"column":34}},"128":{"start":{"line":277,"column":4},"end":{"line":277,"column":88}},"129":{"start":{"line":279,"column":20},"end":{"line":279,"column":44}},"130":{"start":{"line":280,"column":4},"end":{"line":280,"column":22}},"131":{"start":{"line":281,"column":4},"end":{"line":281,"column":44}},"132":{"start":{"line":283,"column":22},"end":{"line":283,"column":46}},"133":{"start":{"line":284,"column":4},"end":{"line":284,"column":26}},"134":{"start":{"line":285,"column":4},"end":{"line":285,"column":48}},"135":{"start":{"line":287,"column":4},"end":{"line":287,"column":48}},"136":{"start":{"line":288,"column":4},"end":{"line":288,"column":24}},"137":{"start":{"line":292,"column":18},"end":{"line":292,"column":41}},"138":{"start":{"line":293,"column":19},"end":{"line":293,"column":44}},"139":{"start":{"line":295,"column":4},"end":{"line":298,"column":5}},"140":{"start":{"line":296,"column":6},"end":{"line":296,"column":45}},"141":{"start":{"line":297,"column":6},"end":{"line":297,"column":18}},"142":{"start":{"line":300,"column":29},"end":{"line":300,"column":57}},"143":{"start":{"line":302,"column":4},"end":{"line":305,"column":5}},"144":{"start":{"line":303,"column":6},"end":{"line":303,"column":46}},"145":{"start":{"line":304,"column":6},"end":{"line":304,"column":18}},"146":{"start":{"line":307,"column":4},"end":{"line":310,"column":5}},"147":{"start":{"line":308,"column":6},"end":{"line":308,"column":45}},"148":{"start":{"line":309,"column":6},"end":{"line":309,"column":18}},"149":{"start":{"line":312,"column":4},"end":{"line":316,"column":6}},"150":{"start":{"line":320,"column":4},"end":{"line":323,"column":7}},"151":{"start":{"line":321,"column":6},"end":{"line":321,"column":23}},"152":{"start":{"line":322,"column":6},"end":{"line":322,"column":34}},"153":{"start":{"line":327,"column":4},"end":{"line":331,"column":7}},"154":{"start":{"line":328,"column":6},"end":{"line":330,"column":7}},"155":{"start":{"line":329,"column":8},"end":{"line":329,"column":31}},"156":{"start":{"line":335,"column":4},"end":{"line":338,"column":6}},"157":{"start":{"line":336,"column":23},"end":{"line":336,"column":69}},"158":{"start":{"line":342,"column":4},"end":{"line":342,"column":38}},"159":{"start":{"line":346,"column":4},"end":{"line":346,"column":37}},"160":{"start":{"line":350,"column":19},"end":{"line":350,"column":30}},"161":{"start":{"line":351,"column":20},"end":{"line":351,"column":32}},"162":{"start":{"line":353,"column":4},"end":{"line":353,"column":28}},"163":{"start":{"line":353,"column":18},"end":{"line":353,"column":28}},"164":{"start":{"line":355,"column":4},"end":{"line":373,"column":5}},"165":{"start":{"line":356,"column":25},"end":{"line":356,"column":60}},"166":{"start":{"line":358,"column":6},"end":{"line":358,"column":33}},"167":{"start":{"line":358,"column":23},"end":{"line":358,"column":33}},"168":{"start":{"line":360,"column":21},"end":{"line":360,"column":43}},"169":{"start":{"line":362,"column":6},"end":{"line":366,"column":7}},"170":{"start":{"line":363,"column":8},"end":{"line":363,"column":64}},"171":{"start":{"line":364,"column":8},"end":{"line":364,"column":47}},"172":{"start":{"line":365,"column":8},"end":{"line":365,"column":18}},"173":{"start":{"line":368,"column":6},"end":{"line":368,"column":61}},"174":{"start":{"line":370,"column":6},"end":{"line":370,"column":52}},"175":{"start":{"line":371,"column":6},"end":{"line":371,"column":45}},"176":{"start":{"line":372,"column":6},"end":{"line":372,"column":16}},"177":{"start":{"line":377,"column":19},"end":{"line":377,"column":30}},"178":{"start":{"line":378,"column":20},"end":{"line":378,"column":32}},"179":{"start":{"line":380,"column":4},"end":{"line":380,"column":25}},"180":{"start":{"line":380,"column":18},"end":{"line":380,"column":25}},"181":{"start":{"line":382,"column":4},"end":{"line":387,"column":5}},"182":{"start":{"line":383,"column":6},"end":{"line":383,"column":70}},"183":{"start":{"line":385,"column":6},"end":{"line":385,"column":52}},"184":{"start":{"line":386,"column":6},"end":{"line":386,"column":45}},"185":{"start":{"line":391,"column":4},"end":{"line":398,"column":6}},"186":{"start":{"line":402,"column":4},"end":{"line":406,"column":6}},"187":{"start":{"line":410,"column":16},"end":{"line":410,"column":29}},"188":{"start":{"line":411,"column":19},"end":{"line":411,"column":30}},"189":{"start":{"line":412,"column":20},"end":{"line":412,"column":32}},"190":{"start":{"line":414,"column":4},"end":{"line":414,"column":33}},"191":{"start":{"line":414,"column":26},"end":{"line":414,"column":33}},"192":{"start":{"line":416,"column":25},"end":{"line":416,"column":60}},"193":{"start":{"line":417,"column":22},"end":{"line":417,"column":57}},"194":{"start":{"line":418,"column":22},"end":{"line":418,"column":57}},"195":{"start":{"line":420,"column":4},"end":{"line":420,"column":58}},"196":{"start":{"line":420,"column":51},"end":{"line":420,"column":58}},"197":{"start":{"line":422,"column":20},"end":{"line":422,"column":62}},"198":{"start":{"line":424,"column":4},"end":{"line":428,"column":5}},"199":{"start":{"line":425,"column":6},"end":{"line":425,"column":44}},"200":{"start":{"line":427,"column":6},"end":{"line":427,"column":41}},"201":{"start":{"line":430,"column":4},"end":{"line":433,"column":7}},"202":{"start":{"line":431,"column":6},"end":{"line":431,"column":61}},"203":{"start":{"line":432,"column":6},"end":{"line":432,"column":41}},"204":{"start":{"line":435,"column":4},"end":{"line":438,"column":7}},"205":{"start":{"line":436,"column":6},"end":{"line":436,"column":61}},"206":{"start":{"line":437,"column":6},"end":{"line":437,"column":41}},"207":{"start":{"line":442,"column":4},"end":{"line":444,"column":5}},"208":{"start":{"line":443,"column":6},"end":{"line":443,"column":39}},"209":{"start":{"line":448,"column":4},"end":{"line":452,"column":7}},"210":{"start":{"line":449,"column":6},"end":{"line":451,"column":7}},"211":{"start":{"line":450,"column":8},"end":{"line":450,"column":33}},"212":{"start":{"line":456,"column":4},"end":{"line":458,"column":5}},"213":{"start":{"line":457,"column":6},"end":{"line":457,"column":37}},"214":{"start":{"line":462,"column":4},"end":{"line":466,"column":7}},"215":{"start":{"line":463,"column":6},"end":{"line":465,"column":7}},"216":{"start":{"line":464,"column":8},"end":{"line":464,"column":37}},"217":{"start":{"line":470,"column":4},"end":{"line":470,"column":22}},"218":{"start":{"line":474,"column":4},"end":{"line":474,"column":55}},"219":{"start":{"line":475,"column":4},"end":{"line":475,"column":15}},"220":{"start":{"line":479,"column":4},"end":{"line":483,"column":6}},"221":{"start":{"line":487,"column":16},"end":{"line":487,"column":29}},"222":{"start":{"line":489,"column":4},"end":{"line":489,"column":21}},"223":{"start":{"line":489,"column":14},"end":{"line":489,"column":21}},"224":{"start":{"line":491,"column":4},"end":{"line":495,"column":5}},"225":{"start":{"line":492,"column":6},"end":{"line":492,"column":19}},"226":{"start":{"line":493,"column":11},"end":{"line":495,"column":5}},"227":{"start":{"line":494,"column":6},"end":{"line":494,"column":75}},"228":{"start":{"line":498,"column":14},"end":{"line":524,"column":3}},"229":{"start":{"line":526,"column":2},"end":{"line":528,"column":5}},"230":{"start":{"line":527,"column":4},"end":{"line":527,"column":25}},"231":{"start":{"line":530,"column":2},"end":{"line":530,"column":19}}},"fnMap":{"0":{"name":"(anonymous_0)","decl":{"start":{"line":4,"column":1},"end":{"line":4,"column":2}},"loc":{"start":{"line":4,"column":17},"end":{"line":537,"column":1}},"line":4},"1":{"name":"getConfig","decl":{"start":{"line":16,"column":11},"end":{"line":16,"column":20}},"loc":{"start":{"line":16,"column":23},"end":{"line":22,"column":3}},"line":16},"2":{"name":"getDocument","decl":{"start":{"line":24,"column":11},"end":{"line":24,"column":22}},"loc":{"start":{"line":24,"column":25},"end":{"line":26,"column":3}},"line":24},"3":{"name":"getStorage","decl":{"start":{"line":28,"column":11},"end":{"line":28,"column":21}},"loc":{"start":{"line":28,"column":24},"end":{"line":35,"column":3}},"line":28},"4":{"name":"translate","decl":{"start":{"line":37,"column":11},"end":{"line":37,"column":20}},"loc":{"start":{"line":37,"column":26},"end":{"line":43,"column":3}},"line":37},"5":{"name":"notify","decl":{"start":{"line":45,"column":11},"end":{"line":45,"column":17}},"loc":{"start":{"line":45,"column":27},"end":{"line":49,"column":3}},"line":45},"6":{"name":"cacheElements","decl":{"start":{"line":51,"column":11},"end":{"line":51,"column":24}},"loc":{"start":{"line":51,"column":27},"end":{"line":104,"column":3}},"line":51},"7":{"name":"initBudget","decl":{"start":{"line":106,"column":11},"end":{"line":106,"column":21}},"loc":{"start":{"line":106,"column":24},"end":{"line":132,"column":3}},"line":106},"8":{"name":"(anonymous_8)","decl":{"start":{"line":124,"column":46},"end":{"line":124,"column":47}},"loc":{"start":{"line":124,"column":52},"end":{"line":126,"column":7}},"line":124},"9":{"name":"initEntryButtons","decl":{"start":{"line":134,"column":11},"end":{"line":134,"column":27}},"loc":{"start":{"line":134,"column":30},"end":{"line":158,"column":3}},"line":134},"10":{"name":"(anonymous_10)","decl":{"start":{"line":135,"column":45},"end":{"line":135,"column":46}},"loc":{"start":{"line":135,"column":51},"end":{"line":143,"column":5}},"line":135},"11":{"name":"(anonymous_11)","decl":{"start":{"line":145,"column":44},"end":{"line":145,"column":45}},"loc":{"start":{"line":145,"column":50},"end":{"line":153,"column":5}},"line":145},"12":{"name":"initTabSwitching","decl":{"start":{"line":160,"column":11},"end":{"line":160,"column":27}},"loc":{"start":{"line":160,"column":30},"end":{"line":181,"column":3}},"line":160},"13":{"name":"(anonymous_13)","decl":{"start":{"line":161,"column":45},"end":{"line":161,"column":46}},"loc":{"start":{"line":161,"column":51},"end":{"line":166,"column":5}},"line":161},"14":{"name":"(anonymous_14)","decl":{"start":{"line":168,"column":44},"end":{"line":168,"column":45}},"loc":{"start":{"line":168,"column":50},"end":{"line":173,"column":5}},"line":168},"15":{"name":"(anonymous_15)","decl":{"start":{"line":175,"column":41},"end":{"line":175,"column":42}},"loc":{"start":{"line":175,"column":47},"end":{"line":180,"column":5}},"line":175},"16":{"name":"deleteOrEdit","decl":{"start":{"line":183,"column":11},"end":{"line":183,"column":23}},"loc":{"start":{"line":183,"column":31},"end":{"line":194,"column":3}},"line":183},"17":{"name":"deleteEntry","decl":{"start":{"line":196,"column":11},"end":{"line":196,"column":22}},"loc":{"start":{"line":196,"column":32},"end":{"line":206,"column":3}},"line":196},"18":{"name":"editEntry","decl":{"start":{"line":208,"column":11},"end":{"line":208,"column":20}},"loc":{"start":{"line":208,"column":30},"end":{"line":227,"column":3}},"line":208},"19":{"name":"updateUI","decl":{"start":{"line":229,"column":11},"end":{"line":229,"column":19}},"loc":{"start":{"line":229,"column":22},"end":{"line":263,"column":3}},"line":229},"20":{"name":"(anonymous_20)","decl":{"start":{"line":248,"column":23},"end":{"line":248,"column":24}},"loc":{"start":{"line":248,"column":41},"end":{"line":256,"column":5}},"line":248},"21":{"name":"showEntry","decl":{"start":{"line":265,"column":11},"end":{"line":265,"column":20}},"loc":{"start":{"line":265,"column":52},"end":{"line":289,"column":3}},"line":265},"22":{"name":"getValidatedEntry","decl":{"start":{"line":291,"column":11},"end":{"line":291,"column":28}},"loc":{"start":{"line":291,"column":60},"end":{"line":317,"column":3}},"line":291},"23":{"name":"clearInput","decl":{"start":{"line":319,"column":11},"end":{"line":319,"column":21}},"loc":{"start":{"line":319,"column":30},"end":{"line":324,"column":3}},"line":319},"24":{"name":"(anonymous_24)","decl":{"start":{"line":320,"column":19},"end":{"line":320,"column":20}},"loc":{"start":{"line":320,"column":28},"end":{"line":323,"column":5}},"line":320},"25":{"name":"clearElement","decl":{"start":{"line":326,"column":11},"end":{"line":326,"column":23}},"loc":{"start":{"line":326,"column":34},"end":{"line":332,"column":3}},"line":326},"26":{"name":"(anonymous_26)","decl":{"start":{"line":327,"column":21},"end":{"line":327,"column":22}},"loc":{"start":{"line":327,"column":32},"end":{"line":331,"column":5}},"line":327},"27":{"name":"calculateTotal","decl":{"start":{"line":334,"column":11},"end":{"line":334,"column":25}},"loc":{"start":{"line":334,"column":38},"end":{"line":339,"column":3}},"line":334},"28":{"name":"(anonymous_28)","decl":{"start":{"line":336,"column":6},"end":{"line":336,"column":7}},"loc":{"start":{"line":336,"column":23},"end":{"line":336,"column":69}},"line":336},"29":{"name":"calculateBalance","decl":{"start":{"line":341,"column":11},"end":{"line":341,"column":27}},"loc":{"start":{"line":341,"column":55},"end":{"line":343,"column":3}},"line":341},"30":{"name":"formatAmount","decl":{"start":{"line":345,"column":11},"end":{"line":345,"column":23}},"loc":{"start":{"line":345,"column":32},"end":{"line":347,"column":3}},"line":345},"31":{"name":"loadEntries","decl":{"start":{"line":349,"column":11},"end":{"line":349,"column":22}},"loc":{"start":{"line":349,"column":25},"end":{"line":374,"column":3}},"line":349},"32":{"name":"saveEntries","decl":{"start":{"line":376,"column":11},"end":{"line":376,"column":22}},"loc":{"start":{"line":376,"column":25},"end":{"line":388,"column":3}},"line":376},"33":{"name":"isValidEntry","decl":{"start":{"line":390,"column":11},"end":{"line":390,"column":23}},"loc":{"start":{"line":390,"column":31},"end":{"line":399,"column":3}},"line":390},"34":{"name":"normalizeEntry","decl":{"start":{"line":401,"column":11},"end":{"line":401,"column":25}},"loc":{"start":{"line":401,"column":33},"end":{"line":407,"column":3}},"line":401},"35":{"name":"initCookieBanner","decl":{"start":{"line":409,"column":11},"end":{"line":409,"column":27}},"loc":{"start":{"line":409,"column":30},"end":{"line":439,"column":3}},"line":409},"36":{"name":"(anonymous_36)","decl":{"start":{"line":430,"column":40},"end":{"line":430,"column":41}},"loc":{"start":{"line":430,"column":46},"end":{"line":433,"column":5}},"line":430},"37":{"name":"(anonymous_37)","decl":{"start":{"line":435,"column":40},"end":{"line":435,"column":41}},"loc":{"start":{"line":435,"column":46},"end":{"line":438,"column":5}},"line":435},"38":{"name":"show","decl":{"start":{"line":441,"column":11},"end":{"line":441,"column":15}},"loc":{"start":{"line":441,"column":25},"end":{"line":445,"column":3}},"line":441},"39":{"name":"hide","decl":{"start":{"line":447,"column":11},"end":{"line":447,"column":15}},"loc":{"start":{"line":447,"column":26},"end":{"line":453,"column":3}},"line":447},"40":{"name":"(anonymous_40)","decl":{"start":{"line":448,"column":21},"end":{"line":448,"column":22}},"loc":{"start":{"line":448,"column":27},"end":{"line":452,"column":5}},"line":448},"41":{"name":"active","decl":{"start":{"line":455,"column":11},"end":{"line":455,"column":17}},"loc":{"start":{"line":455,"column":27},"end":{"line":459,"column":3}},"line":455},"42":{"name":"inactive","decl":{"start":{"line":461,"column":11},"end":{"line":461,"column":19}},"loc":{"start":{"line":461,"column":30},"end":{"line":467,"column":3}},"line":461},"43":{"name":"(anonymous_43)","decl":{"start":{"line":462,"column":21},"end":{"line":462,"column":22}},"loc":{"start":{"line":462,"column":27},"end":{"line":466,"column":5}},"line":462},"44":{"name":"getEntries","decl":{"start":{"line":469,"column":11},"end":{"line":469,"column":21}},"loc":{"start":{"line":469,"column":24},"end":{"line":471,"column":3}},"line":469},"45":{"name":"setEntries","decl":{"start":{"line":473,"column":11},"end":{"line":473,"column":21}},"loc":{"start":{"line":473,"column":31},"end":{"line":476,"column":3}},"line":473},"46":{"name":"getTotals","decl":{"start":{"line":478,"column":11},"end":{"line":478,"column":20}},"loc":{"start":{"line":478,"column":23},"end":{"line":484,"column":3}},"line":478},"47":{"name":"autoInitBudget","decl":{"start":{"line":486,"column":11},"end":{"line":486,"column":25}},"loc":{"start":{"line":486,"column":28},"end":{"line":496,"column":3}},"line":486},"48":{"name":"(anonymous_48)","decl":{"start":{"line":526,"column":27},"end":{"line":526,"column":28}},"loc":{"start":{"line":526,"column":34},"end":{"line":528,"column":3}},"line":526}},"branchMap":{"0":{"loc":{"start":{"line":17,"column":11},"end":{"line":21,"column":5}},"type":"binary-expr","locations":[{"start":{"line":17,"column":11},"end":{"line":17,"column":22}},{"start":{"line":17,"column":26},"end":{"line":21,"column":5}}],"line":17},"1":{"loc":{"start":{"line":25,"column":11},"end":{"line":25,"column":32}},"type":"binary-expr","locations":[{"start":{"line":25,"column":11},"end":{"line":25,"column":24}},{"start":{"line":25,"column":28},"end":{"line":25,"column":32}}],"line":25},"2":{"loc":{"start":{"line":30,"column":13},"end":{"line":30,"column":38}},"type":"binary-expr","locations":[{"start":{"line":30,"column":13},"end":{"line":30,"column":30}},{"start":{"line":30,"column":34},"end":{"line":30,"column":38}}],"line":30},"3":{"loc":{"start":{"line":38,"column":4},"end":{"line":40,"column":5}},"type":"if","locations":[{"start":{"line":38,"column":4},"end":{"line":40,"column":5}},{"start":{},"end":{}}],"line":38},"4":{"loc":{"start":{"line":46,"column":4},"end":{"line":48,"column":5}},"type":"if","locations":[{"start":{"line":46,"column":4},"end":{"line":48,"column":5}},{"start":{},"end":{}}],"line":46},"5":{"loc":{"start":{"line":54,"column":4},"end":{"line":54,"column":27}},"type":"if","locations":[{"start":{"line":54,"column":4},"end":{"line":54,"column":27}},{"start":{},"end":{}}],"line":54},"6":{"loc":{"start":{"line":107,"column":4},"end":{"line":110,"column":5}},"type":"if","locations":[{"start":{"line":107,"column":4},"end":{"line":110,"column":5}},{"start":{},"end":{}}],"line":107},"7":{"loc":{"start":{"line":114,"column":4},"end":{"line":116,"column":5}},"type":"if","locations":[{"start":{"line":114,"column":4},"end":{"line":116,"column":5}},{"start":{},"end":{}}],"line":114},"8":{"loc":{"start":{"line":123,"column":4},"end":{"line":129,"column":5}},"type":"if","locations":[{"start":{"line":123,"column":4},"end":{"line":129,"column":5}},{"start":{},"end":{}}],"line":123},"9":{"loc":{"start":{"line":123,"column":8},"end":{"line":123,"column":67}},"type":"binary-expr","locations":[{"start":{"line":123,"column":8},"end":{"line":123,"column":20}},{"start":{"line":123,"column":24},"end":{"line":123,"column":67}}],"line":123},"10":{"loc":{"start":{"line":138,"column":6},"end":{"line":138,"column":27}},"type":"if","locations":[{"start":{"line":138,"column":6},"end":{"line":138,"column":27}},{"start":{},"end":{}}],"line":138},"11":{"loc":{"start":{"line":148,"column":6},"end":{"line":148,"column":31}},"type":"if","locations":[{"start":{"line":148,"column":6},"end":{"line":148,"column":31}},{"start":{},"end":{}}],"line":148},"12":{"loc":{"start":{"line":187,"column":4},"end":{"line":187,"column":25}},"type":"if","locations":[{"start":{"line":187,"column":4},"end":{"line":187,"column":25}},{"start":{},"end":{}}],"line":187},"13":{"loc":{"start":{"line":189,"column":4},"end":{"line":193,"column":5}},"type":"if","locations":[{"start":{"line":189,"column":4},"end":{"line":193,"column":5}},{"start":{"line":191,"column":11},"end":{"line":193,"column":5}}],"line":189},"14":{"loc":{"start":{"line":191,"column":11},"end":{"line":193,"column":5}},"type":"if","locations":[{"start":{"line":191,"column":11},"end":{"line":193,"column":5}},{"start":{},"end":{}}],"line":191},"15":{"loc":{"start":{"line":199,"column":4},"end":{"line":202,"column":5}},"type":"if","locations":[{"start":{"line":199,"column":4},"end":{"line":202,"column":5}},{"start":{},"end":{}}],"line":199},"16":{"loc":{"start":{"line":199,"column":8},"end":{"line":199,"column":75}},"type":"binary-expr","locations":[{"start":{"line":199,"column":8},"end":{"line":199,"column":32}},{"start":{"line":199,"column":36},"end":{"line":199,"column":45}},{"start":{"line":199,"column":49},"end":{"line":199,"column":75}}],"line":199},"17":{"loc":{"start":{"line":211,"column":4},"end":{"line":214,"column":5}},"type":"if","locations":[{"start":{"line":211,"column":4},"end":{"line":214,"column":5}},{"start":{},"end":{}}],"line":211},"18":{"loc":{"start":{"line":211,"column":8},"end":{"line":211,"column":75}},"type":"binary-expr","locations":[{"start":{"line":211,"column":8},"end":{"line":211,"column":32}},{"start":{"line":211,"column":36},"end":{"line":211,"column":45}},{"start":{"line":211,"column":49},"end":{"line":211,"column":75}}],"line":211},"19":{"loc":{"start":{"line":218,"column":4},"end":{"line":224,"column":5}},"type":"if","locations":[{"start":{"line":218,"column":4},"end":{"line":224,"column":5}},{"start":{"line":221,"column":11},"end":{"line":224,"column":5}}],"line":218},"20":{"loc":{"start":{"line":221,"column":11},"end":{"line":224,"column":5}},"type":"if","locations":[{"start":{"line":221,"column":11},"end":{"line":224,"column":5}},{"start":{},"end":{}}],"line":221},"21":{"loc":{"start":{"line":232,"column":4},"end":{"line":234,"column":5}},"type":"if","locations":[{"start":{"line":232,"column":4},"end":{"line":234,"column":5}},{"start":{},"end":{}}],"line":232},"22":{"loc":{"start":{"line":232,"column":8},"end":{"line":232,"column":42}},"type":"binary-expr","locations":[{"start":{"line":232,"column":8},"end":{"line":232,"column":22}},{"start":{"line":232,"column":26},"end":{"line":232,"column":42}}],"line":232},"23":{"loc":{"start":{"line":240,"column":17},"end":{"line":240,"column":81}},"type":"cond-expr","locations":[{"start":{"line":240,"column":32},"end":{"line":240,"column":52}},{"start":{"line":240,"column":55},"end":{"line":240,"column":81}}],"line":240},"24":{"loc":{"start":{"line":249,"column":6},"end":{"line":253,"column":7}},"type":"if","locations":[{"start":{"line":249,"column":6},"end":{"line":253,"column":7}},{"start":{"line":251,"column":13},"end":{"line":253,"column":7}}],"line":249},"25":{"loc":{"start":{"line":251,"column":13},"end":{"line":253,"column":7}},"type":"if","locations":[{"start":{"line":251,"column":13},"end":{"line":253,"column":7}},{"start":{},"end":{}}],"line":251},"26":{"loc":{"start":{"line":258,"column":4},"end":{"line":260,"column":5}},"type":"if","locations":[{"start":{"line":258,"column":4},"end":{"line":260,"column":5}},{"start":{},"end":{}}],"line":258},"27":{"loc":{"start":{"line":269,"column":4},"end":{"line":269,"column":30}},"type":"if","locations":[{"start":{"line":269,"column":4},"end":{"line":269,"column":30}},{"start":{},"end":{}}],"line":269},"28":{"loc":{"start":{"line":269,"column":8},"end":{"line":269,"column":21}},"type":"binary-expr","locations":[{"start":{"line":269,"column":8},"end":{"line":269,"column":12}},{"start":{"line":269,"column":16},"end":{"line":269,"column":21}}],"line":269},"29":{"loc":{"start":{"line":295,"column":4},"end":{"line":298,"column":5}},"type":"if","locations":[{"start":{"line":295,"column":4},"end":{"line":298,"column":5}},{"start":{},"end":{}}],"line":295},"30":{"loc":{"start":{"line":295,"column":8},"end":{"line":295,"column":45}},"type":"binary-expr","locations":[{"start":{"line":295,"column":8},"end":{"line":295,"column":24}},{"start":{"line":295,"column":28},"end":{"line":295,"column":45}}],"line":295},"31":{"loc":{"start":{"line":302,"column":4},"end":{"line":305,"column":5}},"type":"if","locations":[{"start":{"line":302,"column":4},"end":{"line":305,"column":5}},{"start":{},"end":{}}],"line":302},"32":{"loc":{"start":{"line":307,"column":4},"end":{"line":310,"column":5}},"type":"if","locations":[{"start":{"line":307,"column":4},"end":{"line":310,"column":5}},{"start":{},"end":{}}],"line":307},"33":{"loc":{"start":{"line":307,"column":8},"end":{"line":307,"column":67}},"type":"binary-expr","locations":[{"start":{"line":307,"column":8},"end":{"line":307,"column":32}},{"start":{"line":307,"column":36},"end":{"line":307,"column":47}},{"start":{"line":307,"column":51},"end":{"line":307,"column":67}}],"line":307},"34":{"loc":{"start":{"line":328,"column":6},"end":{"line":330,"column":7}},"type":"if","locations":[{"start":{"line":328,"column":6},"end":{"line":330,"column":7}},{"start":{},"end":{}}],"line":328},"35":{"loc":{"start":{"line":336,"column":23},"end":{"line":336,"column":69}},"type":"cond-expr","locations":[{"start":{"line":336,"column":45},"end":{"line":336,"column":63}},{"start":{"line":336,"column":66},"end":{"line":336,"column":69}}],"line":336},"36":{"loc":{"start":{"line":353,"column":4},"end":{"line":353,"column":28}},"type":"if","locations":[{"start":{"line":353,"column":4},"end":{"line":353,"column":28}},{"start":{},"end":{}}],"line":353},"37":{"loc":{"start":{"line":358,"column":6},"end":{"line":358,"column":33}},"type":"if","locations":[{"start":{"line":358,"column":6},"end":{"line":358,"column":33}},{"start":{},"end":{}}],"line":358},"38":{"loc":{"start":{"line":362,"column":6},"end":{"line":366,"column":7}},"type":"if","locations":[{"start":{"line":362,"column":6},"end":{"line":366,"column":7}},{"start":{},"end":{}}],"line":362},"39":{"loc":{"start":{"line":380,"column":4},"end":{"line":380,"column":25}},"type":"if","locations":[{"start":{"line":380,"column":4},"end":{"line":380,"column":25}},{"start":{},"end":{}}],"line":380},"40":{"loc":{"start":{"line":392,"column":6},"end":{"line":397,"column":30}},"type":"binary-expr","locations":[{"start":{"line":392,"column":6},"end":{"line":392,"column":11}},{"start":{"line":393,"column":7},"end":{"line":393,"column":30}},{"start":{"line":393,"column":34},"end":{"line":393,"column":58}},{"start":{"line":394,"column":6},"end":{"line":394,"column":37}},{"start":{"line":395,"column":6},"end":{"line":395,"column":31}},{"start":{"line":396,"column":6},"end":{"line":396,"column":43}},{"start":{"line":397,"column":6},"end":{"line":397,"column":30}}],"line":392},"41":{"loc":{"start":{"line":414,"column":4},"end":{"line":414,"column":33}},"type":"if","locations":[{"start":{"line":414,"column":4},"end":{"line":414,"column":33}},{"start":{},"end":{}}],"line":414},"42":{"loc":{"start":{"line":414,"column":8},"end":{"line":414,"column":24}},"type":"binary-expr","locations":[{"start":{"line":414,"column":8},"end":{"line":414,"column":12}},{"start":{"line":414,"column":16},"end":{"line":414,"column":24}}],"line":414},"43":{"loc":{"start":{"line":420,"column":4},"end":{"line":420,"column":58}},"type":"if","locations":[{"start":{"line":420,"column":4},"end":{"line":420,"column":58}},{"start":{},"end":{}}],"line":420},"44":{"loc":{"start":{"line":420,"column":8},"end":{"line":420,"column":49}},"type":"binary-expr","locations":[{"start":{"line":420,"column":8},"end":{"line":420,"column":21}},{"start":{"line":420,"column":25},"end":{"line":420,"column":35}},{"start":{"line":420,"column":39},"end":{"line":420,"column":49}}],"line":420},"45":{"loc":{"start":{"line":424,"column":4},"end":{"line":428,"column":5}},"type":"if","locations":[{"start":{"line":424,"column":4},"end":{"line":428,"column":5}},{"start":{"line":426,"column":11},"end":{"line":428,"column":5}}],"line":424},"46":{"loc":{"start":{"line":442,"column":4},"end":{"line":444,"column":5}},"type":"if","locations":[{"start":{"line":442,"column":4},"end":{"line":444,"column":5}},{"start":{},"end":{}}],"line":442},"47":{"loc":{"start":{"line":449,"column":6},"end":{"line":451,"column":7}},"type":"if","locations":[{"start":{"line":449,"column":6},"end":{"line":451,"column":7}},{"start":{},"end":{}}],"line":449},"48":{"loc":{"start":{"line":456,"column":4},"end":{"line":458,"column":5}},"type":"if","locations":[{"start":{"line":456,"column":4},"end":{"line":458,"column":5}},{"start":{},"end":{}}],"line":456},"49":{"loc":{"start":{"line":463,"column":6},"end":{"line":465,"column":7}},"type":"if","locations":[{"start":{"line":463,"column":6},"end":{"line":465,"column":7}},{"start":{},"end":{}}],"line":463},"50":{"loc":{"start":{"line":474,"column":17},"end":{"line":474,"column":54}},"type":"cond-expr","locations":[{"start":{"line":474,"column":42},"end":{"line":474,"column":49}},{"start":{"line":474,"column":52},"end":{"line":474,"column":54}}],"line":474},"51":{"loc":{"start":{"line":489,"column":4},"end":{"line":489,"column":21}},"type":"if","locations":[{"start":{"line":489,"column":4},"end":{"line":489,"column":21}},{"start":{},"end":{}}],"line":489},"52":{"loc":{"start":{"line":491,"column":4},"end":{"line":495,"column":5}},"type":"if","locations":[{"start":{"line":491,"column":4},"end":{"line":495,"column":5}},{"start":{"line":493,"column":11},"end":{"line":495,"column":5}}],"line":491},"53":{"loc":{"start":{"line":493,"column":11},"end":{"line":495,"column":5}},"type":"if","locations":[{"start":{"line":493,"column":11},"end":{"line":495,"column":5}},{"start":{},"end":{}}],"line":493},"54":{"loc":{"start":{"line":537,"column":3},"end":{"line":537,"column":58}},"type":"cond-expr","locations":[{"start":{"line":537,"column":39},"end":{"line":537,"column":49}},{"start":{"line":537,"column":52},"end":{"line":537,"column":58}}],"line":537}},"s":{"0":55,"1":55,"2":55,"3":55,"4":55,"5":55,"6":55,"7":55,"8":55,"9":290,"10":199,"11":182,"12":182,"13":0,"14":0,"15":80,"16":80,"17":0,"18":8,"19":8,"20":54,"21":54,"22":0,"23":54,"24":54,"25":54,"26":53,"27":1,"28":1,"29":52,"30":52,"31":52,"32":52,"33":52,"34":52,"35":52,"36":52,"37":52,"38":0,"39":52,"40":52,"41":52,"42":2,"43":2,"44":1,"45":1,"46":1,"47":1,"48":52,"49":3,"50":3,"51":1,"52":2,"53":2,"54":2,"55":52,"56":52,"57":52,"58":52,"59":1,"60":1,"61":1,"62":1,"63":52,"64":1,"65":1,"66":1,"67":1,"68":52,"69":1,"70":1,"71":1,"72":1,"73":4,"74":4,"75":4,"76":1,"77":3,"78":1,"79":2,"80":1,"81":6,"82":6,"83":1,"84":1,"85":5,"86":5,"87":4,"88":4,"89":1,"90":1,"91":3,"92":3,"93":2,"94":2,"95":1,"96":1,"97":1,"98":3,"99":72,"100":72,"101":1,"102":71,"103":71,"104":71,"105":71,"106":71,"107":71,"108":71,"109":71,"110":71,"111":18,"112":7,"113":11,"114":11,"115":18,"116":71,"117":71,"118":71,"119":36,"120":36,"121":36,"122":0,"123":36,"124":36,"125":36,"126":36,"127":36,"128":36,"129":36,"130":36,"131":36,"132":36,"133":36,"134":36,"135":36,"136":36,"137":11,"138":11,"139":11,"140":4,"141":4,"142":7,"143":7,"144":1,"145":1,"146":6,"147":2,"148":2,"149":4,"150":4,"151":7,"152":7,"153":73,"154":215,"155":214,"156":144,"157":42,"158":73,"159":252,"160":57,"161":57,"162":57,"163":0,"164":57,"165":57,"166":57,"167":53,"168":4,"169":3,"170":1,"171":1,"172":1,"173":2,"174":1,"175":1,"176":1,"177":71,"178":71,"179":71,"180":0,"181":71,"182":71,"183":1,"184":1,"185":12,"186":4,"187":54,"188":54,"189":54,"190":54,"191":0,"192":54,"193":54,"194":54,"195":54,"196":1,"197":53,"198":53,"199":51,"200":2,"201":53,"202":1,"203":1,"204":53,"205":1,"206":1,"207":5,"208":4,"209":5,"210":8,"211":7,"212":5,"213":4,"214":5,"215":8,"216":7,"217":11,"218":11,"219":11,"220":1,"221":55,"222":55,"223":0,"224":55,"225":52,"226":3,"227":3,"228":55,"229":55,"230":1375,"231":55},"f":{"0":55,"1":290,"2":199,"3":182,"4":80,"5":8,"6":54,"7":53,"8":0,"9":52,"10":2,"11":3,"12":52,"13":1,"14":1,"15":1,"16":4,"17":6,"18":4,"19":72,"20":18,"21":36,"22":11,"23":4,"24":7,"25":73,"26":215,"27":144,"28":42,"29":73,"30":252,"31":57,"32":71,"33":12,"34":4,"35":54,"36":1,"37":1,"38":5,"39":5,"40":8,"41":5,"42":5,"43":8,"44":11,"45":11,"46":1,"47":55,"48":1375},"b":{"0":[290,0],"1":[199,0],"2":[182,0],"3":[80,0],"4":[8,0],"5":[0,54],"6":[1,52],"7":[52,0],"8":[52,0],"9":[52,52],"10":[1,1],"11":[1,2],"12":[1,3],"13":[1,2],"14":[1,1],"15":[1,5],"16":[6,6,6],"17":[1,3],"18":[4,4,4],"19":[2,1],"20":[1,0],"21":[1,71],"22":[72,1],"23":[68,3],"24":[7,11],"25":[11,0],"26":[71,0],"27":[0,36],"28":[36,36],"29":[4,7],"30":[11,8],"31":[1,6],"32":[2,4],"33":[6,6,5],"34":[214,1],"35":[21,21],"36":[0,57],"37":[53,4],"38":[1,2],"39":[0,71],"40":[12,11,5,9,9,7,6],"41":[0,54],"42":[54,54],"43":[1,53],"44":[54,53,53],"45":[51,2],"46":[4,1],"47":[7,1],"48":[4,1],"49":[7,1],"50":[10,1],"51":[0,55],"52":[52,3],"53":[3,0],"54":[55,0]},"_coverageSchema":"1a1c01bbd47fc00a2c39e90264f33305004495a9","hash":"e83547009c28579cc32475ff51ed90371f017872"}
,"/workspaces/CPT304-41/chart.js": {"path":"/workspaces/CPT304-41/chart.js","statementMap":{"0":{"start":{"line":4,"column":0},"end":{"line":122,"column":60}},"1":{"start":{"line":5,"column":15},"end":{"line":5,"column":19}},"2":{"start":{"line":6,"column":12},"end":{"line":6,"column":16}},"3":{"start":{"line":7,"column":10},"end":{"line":7,"column":11}},"4":{"start":{"line":10,"column":4},"end":{"line":10,"column":31}},"5":{"start":{"line":14,"column":4},"end":{"line":14,"column":33}},"6":{"start":{"line":18,"column":19},"end":{"line":18,"column":30}},"7":{"start":{"line":19,"column":16},"end":{"line":19,"column":29}},"8":{"start":{"line":26,"column":20},"end":{"line":26,"column":47}},"9":{"start":{"line":28,"column":4},"end":{"line":31,"column":5}},"10":{"start":{"line":29,"column":6},"end":{"line":29,"column":65}},"11":{"start":{"line":30,"column":6},"end":{"line":30,"column":19}},"12":{"start":{"line":33,"column":22},"end":{"line":33,"column":79}},"13":{"start":{"line":35,"column":4},"end":{"line":37,"column":5}},"14":{"start":{"line":36,"column":6},"end":{"line":36,"column":25}},"15":{"start":{"line":39,"column":4},"end":{"line":39,"column":41}},"16":{"start":{"line":40,"column":4},"end":{"line":40,"column":38}},"17":{"start":{"line":41,"column":4},"end":{"line":41,"column":40}},"18":{"start":{"line":42,"column":4},"end":{"line":42,"column":40}},"19":{"start":{"line":44,"column":4},"end":{"line":44,"column":32}},"20":{"start":{"line":46,"column":4},"end":{"line":46,"column":34}},"21":{"start":{"line":48,"column":4},"end":{"line":51,"column":5}},"22":{"start":{"line":49,"column":6},"end":{"line":49,"column":59}},"23":{"start":{"line":50,"column":6},"end":{"line":50,"column":19}},"24":{"start":{"line":53,"column":4},"end":{"line":53,"column":44}},"25":{"start":{"line":54,"column":4},"end":{"line":54,"column":28}},"26":{"start":{"line":56,"column":4},"end":{"line":56,"column":16}},"27":{"start":{"line":60,"column":4},"end":{"line":60,"column":32}},"28":{"start":{"line":60,"column":25},"end":{"line":60,"column":32}},"29":{"start":{"line":62,"column":4},"end":{"line":62,"column":28}},"30":{"start":{"line":63,"column":4},"end":{"line":63,"column":20}},"31":{"start":{"line":64,"column":4},"end":{"line":71,"column":6}},"32":{"start":{"line":72,"column":4},"end":{"line":72,"column":17}},"33":{"start":{"line":76,"column":19},"end":{"line":76,"column":30}},"34":{"start":{"line":78,"column":4},"end":{"line":78,"column":61}},"35":{"start":{"line":78,"column":54},"end":{"line":78,"column":61}},"36":{"start":{"line":80,"column":23},"end":{"line":80,"column":75}},"37":{"start":{"line":81,"column":24},"end":{"line":81,"column":78}},"38":{"start":{"line":82,"column":18},"end":{"line":82,"column":42}},"39":{"start":{"line":84,"column":4},"end":{"line":84,"column":53}},"40":{"start":{"line":86,"column":18},"end":{"line":86,"column":52}},"41":{"start":{"line":88,"column":4},"end":{"line":88,"column":51}},"42":{"start":{"line":89,"column":4},"end":{"line":89,"column":56}},"43":{"start":{"line":93,"column":16},"end":{"line":93,"column":29}},"44":{"start":{"line":98,"column":4},"end":{"line":102,"column":5}},"45":{"start":{"line":99,"column":6},"end":{"line":99,"column":18}},"46":{"start":{"line":100,"column":11},"end":{"line":102,"column":5}},"47":{"start":{"line":101,"column":6},"end":{"line":101,"column":74}},"48":{"start":{"line":105,"column":14},"end":{"line":109,"column":3}},"49":{"start":{"line":111,"column":2},"end":{"line":113,"column":5}},"50":{"start":{"line":112,"column":4},"end":{"line":112,"column":25}},"51":{"start":{"line":115,"column":2},"end":{"line":115,"column":18}}},"fnMap":{"0":{"name":"(anonymous_0)","decl":{"start":{"line":4,"column":1},"end":{"line":4,"column":2}},"loc":{"start":{"line":4,"column":17},"end":{"line":122,"column":1}},"line":4},"1":{"name":"getConfig","decl":{"start":{"line":9,"column":11},"end":{"line":9,"column":20}},"loc":{"start":{"line":9,"column":23},"end":{"line":11,"column":3}},"line":9},"2":{"name":"getDocument","decl":{"start":{"line":13,"column":11},"end":{"line":13,"column":22}},"loc":{"start":{"line":13,"column":25},"end":{"line":15,"column":3}},"line":13},"3":{"name":"initChart","decl":{"start":{"line":17,"column":11},"end":{"line":17,"column":20}},"loc":{"start":{"line":17,"column":23},"end":{"line":57,"column":3}},"line":17},"4":{"name":"drawCircle","decl":{"start":{"line":59,"column":11},"end":{"line":59,"column":21}},"loc":{"start":{"line":59,"column":51},"end":{"line":73,"column":3}},"line":59},"5":{"name":"updateChart","decl":{"start":{"line":75,"column":11},"end":{"line":75,"column":22}},"loc":{"start":{"line":75,"column":40},"end":{"line":90,"column":3}},"line":75},"6":{"name":"autoInitChart","decl":{"start":{"line":92,"column":11},"end":{"line":92,"column":24}},"loc":{"start":{"line":92,"column":27},"end":{"line":103,"column":3}},"line":92},"7":{"name":"(anonymous_7)","decl":{"start":{"line":111,"column":27},"end":{"line":111,"column":28}},"loc":{"start":{"line":111,"column":34},"end":{"line":113,"column":3}},"line":111}},"branchMap":{"0":{"loc":{"start":{"line":10,"column":11},"end":{"line":10,"column":30}},"type":"binary-expr","locations":[{"start":{"line":10,"column":11},"end":{"line":10,"column":22}},{"start":{"line":10,"column":26},"end":{"line":10,"column":30}}],"line":10},"1":{"loc":{"start":{"line":14,"column":11},"end":{"line":14,"column":32}},"type":"binary-expr","locations":[{"start":{"line":14,"column":11},"end":{"line":14,"column":24}},{"start":{"line":14,"column":28},"end":{"line":14,"column":32}}],"line":14},"2":{"loc":{"start":{"line":28,"column":4},"end":{"line":31,"column":5}},"type":"if","locations":[{"start":{"line":28,"column":4},"end":{"line":31,"column":5}},{"start":{},"end":{}}],"line":28},"3":{"loc":{"start":{"line":28,"column":8},"end":{"line":28,"column":44}},"type":"binary-expr","locations":[{"start":{"line":28,"column":8},"end":{"line":28,"column":16}},{"start":{"line":28,"column":20},"end":{"line":28,"column":27}},{"start":{"line":28,"column":31},"end":{"line":28,"column":44}}],"line":28},"4":{"loc":{"start":{"line":35,"column":4},"end":{"line":37,"column":5}},"type":"if","locations":[{"start":{"line":35,"column":4},"end":{"line":37,"column":5}},{"start":{},"end":{}}],"line":35},"5":{"loc":{"start":{"line":48,"column":4},"end":{"line":51,"column":5}},"type":"if","locations":[{"start":{"line":48,"column":4},"end":{"line":51,"column":5}},{"start":{},"end":{}}],"line":48},"6":{"loc":{"start":{"line":60,"column":4},"end":{"line":60,"column":32}},"type":"if","locations":[{"start":{"line":60,"column":4},"end":{"line":60,"column":32}},{"start":{},"end":{}}],"line":60},"7":{"loc":{"start":{"line":60,"column":8},"end":{"line":60,"column":23}},"type":"binary-expr","locations":[{"start":{"line":60,"column":8},"end":{"line":60,"column":12}},{"start":{"line":60,"column":16},"end":{"line":60,"column":23}}],"line":60},"8":{"loc":{"start":{"line":78,"column":4},"end":{"line":78,"column":61}},"type":"if","locations":[{"start":{"line":78,"column":4},"end":{"line":78,"column":61}},{"start":{},"end":{}}],"line":78},"9":{"loc":{"start":{"line":78,"column":8},"end":{"line":78,"column":52}},"type":"binary-expr","locations":[{"start":{"line":78,"column":8},"end":{"line":78,"column":12}},{"start":{"line":78,"column":16},"end":{"line":78,"column":23}},{"start":{"line":78,"column":27},"end":{"line":78,"column":34}},{"start":{"line":78,"column":38},"end":{"line":78,"column":52}}],"line":78},"10":{"loc":{"start":{"line":80,"column":23},"end":{"line":80,"column":75}},"type":"cond-expr","locations":[{"start":{"line":80,"column":57},"end":{"line":80,"column":71}},{"start":{"line":80,"column":74},"end":{"line":80,"column":75}}],"line":80},"11":{"loc":{"start":{"line":81,"column":24},"end":{"line":81,"column":78}},"type":"cond-expr","locations":[{"start":{"line":81,"column":59},"end":{"line":81,"column":74}},{"start":{"line":81,"column":77},"end":{"line":81,"column":78}}],"line":81},"12":{"loc":{"start":{"line":86,"column":18},"end":{"line":86,"column":52}},"type":"cond-expr","locations":[{"start":{"line":86,"column":30},"end":{"line":86,"column":48}},{"start":{"line":86,"column":51},"end":{"line":86,"column":52}}],"line":86},"13":{"loc":{"start":{"line":98,"column":4},"end":{"line":102,"column":5}},"type":"if","locations":[{"start":{"line":98,"column":4},"end":{"line":102,"column":5}},{"start":{"line":100,"column":11},"end":{"line":102,"column":5}}],"line":98},"14":{"loc":{"start":{"line":100,"column":11},"end":{"line":102,"column":5}},"type":"if","locations":[{"start":{"line":100,"column":11},"end":{"line":102,"column":5}},{"start":{},"end":{}}],"line":100},"15":{"loc":{"start":{"line":122,"column":3},"end":{"line":122,"column":58}},"type":"cond-expr","locations":[{"start":{"line":122,"column":39},"end":{"line":122,"column":49}},{"start":{"line":122,"column":52},"end":{"line":122,"column":58}}],"line":122}},"s":{"0":14,"1":14,"2":14,"3":14,"4":21,"5":29,"6":15,"7":15,"8":15,"9":15,"10":5,"11":5,"12":10,"13":10,"14":2,"15":10,"16":10,"17":10,"18":10,"19":10,"20":10,"21":10,"22":2,"23":2,"24":8,"25":8,"26":8,"27":7,"28":1,"29":6,"30":6,"31":6,"32":6,"33":6,"34":6,"35":3,"36":3,"37":3,"38":3,"39":3,"40":3,"41":3,"42":3,"43":14,"44":14,"45":10,"46":4,"47":4,"48":14,"49":14,"50":42,"51":14},"f":{"0":14,"1":21,"2":29,"3":15,"4":7,"5":6,"6":14,"7":42},"b":{"0":[21,2],"1":[29,0],"2":[5,10],"3":[15,14,12],"4":[2,8],"5":[2,8],"6":[1,6],"7":[7,6],"8":[3,3],"9":[6,4,4,4],"10":[2,1],"11":[3,0],"12":[1,2],"13":[10,4],"14":[4,0],"15":[14,0]},"_coverageSchema":"1a1c01bbd47fc00a2c39e90264f33305004495a9","hash":"a9d80e9cf0467a419c1acc1c57499070d61be3f2"}
,"/workspaces/CPT304-41/config.js": {"path":"/workspaces/CPT304-41/config.js","statementMap":{"0":{"start":{"line":4,"column":15},"end":{"line":19,"column":1}}},"fnMap":{},"branchMap":{},"s":{"0":95},"f":{},"b":{},"_coverageSchema":"1a1c01bbd47fc00a2c39e90264f33305004495a9","hash":"f9fd9679aee5535a739e4a264bce49473a22a640"}
,"/workspaces/CPT304-41/i18n.js": {"path":"/workspaces/CPT304-41/i18n.js","statementMap":{"0":{"start":{"line":5,"column":0},"end":{"line":226,"column":60}},"1":{"start":{"line":6,"column":23},"end":{"line":78,"column":3}},"2":{"start":{"line":81,"column":4},"end":{"line":83,"column":6}},"3":{"start":{"line":87,"column":4},"end":{"line":93,"column":5}},"4":{"start":{"line":88,"column":6},"end":{"line":88,"column":31}},"5":{"start":{"line":91,"column":6},"end":{"line":91,"column":60}},"6":{"start":{"line":92,"column":6},"end":{"line":92,"column":18}},"7":{"start":{"line":97,"column":4},"end":{"line":97,"column":25}},"8":{"start":{"line":101,"column":19},"end":{"line":101,"column":30}},"9":{"start":{"line":102,"column":20},"end":{"line":102,"column":32}},"10":{"start":{"line":104,"column":4},"end":{"line":114,"column":5}},"11":{"start":{"line":105,"column":28},"end":{"line":107,"column":14}},"12":{"start":{"line":109,"column":6},"end":{"line":111,"column":7}},"13":{"start":{"line":110,"column":8},"end":{"line":110,"column":29}},"14":{"start":{"line":113,"column":6},"end":{"line":113,"column":71}},"15":{"start":{"line":116,"column":4},"end":{"line":116,"column":16}},"16":{"start":{"line":119,"column":24},"end":{"line":119,"column":44}},"17":{"start":{"line":122,"column":4},"end":{"line":126,"column":6}},"18":{"start":{"line":130,"column":16},"end":{"line":130,"column":29}},"19":{"start":{"line":135,"column":4},"end":{"line":137,"column":7}},"20":{"start":{"line":136,"column":6},"end":{"line":136,"column":52}},"21":{"start":{"line":139,"column":4},"end":{"line":141,"column":7}},"22":{"start":{"line":140,"column":6},"end":{"line":140,"column":63}},"23":{"start":{"line":143,"column":4},"end":{"line":145,"column":7}},"24":{"start":{"line":144,"column":6},"end":{"line":144,"column":51}},"25":{"start":{"line":147,"column":4},"end":{"line":149,"column":7}},"26":{"start":{"line":148,"column":6},"end":{"line":148,"column":47}},"27":{"start":{"line":151,"column":4},"end":{"line":153,"column":7}},"28":{"start":{"line":152,"column":6},"end":{"line":152,"column":81}},"29":{"start":{"line":156,"column":15},"end":{"line":196,"column":3}},"30":{"start":{"line":158,"column":6},"end":{"line":158,"column":42}},"31":{"start":{"line":158,"column":35},"end":{"line":158,"column":42}},"32":{"start":{"line":160,"column":21},"end":{"line":160,"column":32}},"33":{"start":{"line":161,"column":22},"end":{"line":161,"column":34}},"34":{"start":{"line":162,"column":18},"end":{"line":162,"column":31}},"35":{"start":{"line":164,"column":6},"end":{"line":164,"column":33}},"36":{"start":{"line":166,"column":6},"end":{"line":168,"column":7}},"37":{"start":{"line":167,"column":8},"end":{"line":167,"column":44}},"38":{"start":{"line":170,"column":6},"end":{"line":176,"column":7}},"39":{"start":{"line":171,"column":8},"end":{"line":173,"column":9}},"40":{"start":{"line":172,"column":10},"end":{"line":172,"column":57}},"41":{"start":{"line":175,"column":8},"end":{"line":175,"column":67}},"42":{"start":{"line":178,"column":6},"end":{"line":178,"column":23}},"43":{"start":{"line":181,"column":6},"end":{"line":190,"column":7}},"44":{"start":{"line":185,"column":8},"end":{"line":189,"column":10}},"45":{"start":{"line":194,"column":6},"end":{"line":194,"column":29}},"46":{"start":{"line":199,"column":16},"end":{"line":199,"column":29}},"47":{"start":{"line":201,"column":4},"end":{"line":203,"column":5}},"48":{"start":{"line":202,"column":6},"end":{"line":202,"column":49}},"49":{"start":{"line":205,"column":4},"end":{"line":205,"column":21}},"50":{"start":{"line":208,"column":14},"end":{"line":215,"column":3}},"51":{"start":{"line":217,"column":2},"end":{"line":219,"column":5}},"52":{"start":{"line":218,"column":4},"end":{"line":218,"column":25}}},"fnMap":{"0":{"name":"(anonymous_0)","decl":{"start":{"line":5,"column":1},"end":{"line":5,"column":2}},"loc":{"start":{"line":5,"column":17},"end":{"line":226,"column":1}},"line":5},"1":{"name":"getConfig","decl":{"start":{"line":80,"column":11},"end":{"line":80,"column":20}},"loc":{"start":{"line":80,"column":23},"end":{"line":84,"column":3}},"line":80},"2":{"name":"getStorage","decl":{"start":{"line":86,"column":11},"end":{"line":86,"column":21}},"loc":{"start":{"line":86,"column":24},"end":{"line":94,"column":3}},"line":86},"3":{"name":"getDocument","decl":{"start":{"line":96,"column":11},"end":{"line":96,"column":22}},"loc":{"start":{"line":96,"column":25},"end":{"line":98,"column":3}},"line":96},"4":{"name":"getInitialLanguage","decl":{"start":{"line":100,"column":11},"end":{"line":100,"column":29}},"loc":{"start":{"line":100,"column":32},"end":{"line":117,"column":3}},"line":100},"5":{"name":"t","decl":{"start":{"line":121,"column":11},"end":{"line":121,"column":12}},"loc":{"start":{"line":121,"column":18},"end":{"line":127,"column":3}},"line":121},"6":{"name":"updateI18nText","decl":{"start":{"line":129,"column":11},"end":{"line":129,"column":25}},"loc":{"start":{"line":129,"column":28},"end":{"line":154,"column":3}},"line":129},"7":{"name":"(anonymous_7)","decl":{"start":{"line":135,"column":48},"end":{"line":135,"column":49}},"loc":{"start":{"line":135,"column":59},"end":{"line":137,"column":5}},"line":135},"8":{"name":"(anonymous_8)","decl":{"start":{"line":139,"column":60},"end":{"line":139,"column":61}},"loc":{"start":{"line":139,"column":71},"end":{"line":141,"column":5}},"line":139},"9":{"name":"(anonymous_9)","decl":{"start":{"line":143,"column":54},"end":{"line":143,"column":55}},"loc":{"start":{"line":143,"column":65},"end":{"line":145,"column":5}},"line":143},"10":{"name":"(anonymous_10)","decl":{"start":{"line":147,"column":52},"end":{"line":147,"column":53}},"loc":{"start":{"line":147,"column":63},"end":{"line":149,"column":5}},"line":147},"11":{"name":"(anonymous_11)","decl":{"start":{"line":151,"column":60},"end":{"line":151,"column":61}},"loc":{"start":{"line":151,"column":70},"end":{"line":153,"column":5}},"line":151},"12":{"name":"(anonymous_12)","decl":{"start":{"line":157,"column":4},"end":{"line":157,"column":5}},"loc":{"start":{"line":157,"column":29},"end":{"line":191,"column":5}},"line":157},"13":{"name":"(anonymous_13)","decl":{"start":{"line":193,"column":4},"end":{"line":193,"column":5}},"loc":{"start":{"line":193,"column":18},"end":{"line":195,"column":5}},"line":193},"14":{"name":"initI18n","decl":{"start":{"line":198,"column":11},"end":{"line":198,"column":19}},"loc":{"start":{"line":198,"column":22},"end":{"line":206,"column":3}},"line":198},"15":{"name":"(anonymous_15)","decl":{"start":{"line":217,"column":27},"end":{"line":217,"column":28}},"loc":{"start":{"line":217,"column":34},"end":{"line":219,"column":3}},"line":217}},"branchMap":{"0":{"loc":{"start":{"line":81,"column":11},"end":{"line":83,"column":5}},"type":"binary-expr","locations":[{"start":{"line":81,"column":11},"end":{"line":81,"column":22}},{"start":{"line":81,"column":26},"end":{"line":83,"column":5}}],"line":81},"1":{"loc":{"start":{"line":105,"column":28},"end":{"line":107,"column":14}},"type":"cond-expr","locations":[{"start":{"line":106,"column":10},"end":{"line":106,"column":46}},{"start":{"line":107,"column":10},"end":{"line":107,"column":14}}],"line":105},"2":{"loc":{"start":{"line":109,"column":6},"end":{"line":111,"column":7}},"type":"if","locations":[{"start":{"line":109,"column":6},"end":{"line":111,"column":7}},{"start":{},"end":{}}],"line":109},"3":{"loc":{"start":{"line":109,"column":10},"end":{"line":109,"column":54}},"type":"binary-expr","locations":[{"start":{"line":109,"column":10},"end":{"line":109,"column":23}},{"start":{"line":109,"column":27},"end":{"line":109,"column":54}}],"line":109},"4":{"loc":{"start":{"line":123,"column":6},"end":{"line":125,"column":9}},"type":"binary-expr","locations":[{"start":{"line":123,"column":6},"end":{"line":123,"column":42}},{"start":{"line":124,"column":6},"end":{"line":124,"column":28}},{"start":{"line":125,"column":6},"end":{"line":125,"column":9}}],"line":123},"5":{"loc":{"start":{"line":158,"column":6},"end":{"line":158,"column":42}},"type":"if","locations":[{"start":{"line":158,"column":6},"end":{"line":158,"column":42}},{"start":{},"end":{}}],"line":158},"6":{"loc":{"start":{"line":166,"column":6},"end":{"line":168,"column":7}},"type":"if","locations":[{"start":{"line":166,"column":6},"end":{"line":168,"column":7}},{"start":{},"end":{}}],"line":166},"7":{"loc":{"start":{"line":166,"column":10},"end":{"line":166,"column":36}},"type":"binary-expr","locations":[{"start":{"line":166,"column":10},"end":{"line":166,"column":13}},{"start":{"line":166,"column":17},"end":{"line":166,"column":36}}],"line":166},"8":{"loc":{"start":{"line":171,"column":8},"end":{"line":173,"column":9}},"type":"if","locations":[{"start":{"line":171,"column":8},"end":{"line":173,"column":9}},{"start":{},"end":{}}],"line":171},"9":{"loc":{"start":{"line":181,"column":6},"end":{"line":190,"column":7}},"type":"if","locations":[{"start":{"line":181,"column":6},"end":{"line":190,"column":7}}],"line":181},"10":{"loc":{"start":{"line":182,"column":8},"end":{"line":183,"column":46}},"type":"binary-expr","locations":[{"start":{"line":182,"column":8},"end":{"line":182,"column":48}},{"start":{"line":183,"column":8},"end":{"line":183,"column":46}}],"line":182},"11":{"loc":{"start":{"line":201,"column":4},"end":{"line":203,"column":5}},"type":"if","locations":[{"start":{"line":201,"column":4},"end":{"line":203,"column":5}},{"start":{},"end":{}}],"line":201},"12":{"loc":{"start":{"line":201,"column":8},"end":{"line":201,"column":34}},"type":"binary-expr","locations":[{"start":{"line":201,"column":8},"end":{"line":201,"column":11}},{"start":{"line":201,"column":15},"end":{"line":201,"column":34}}],"line":201},"13":{"loc":{"start":{"line":226,"column":3},"end":{"line":226,"column":58}},"type":"cond-expr","locations":[{"start":{"line":226,"column":39},"end":{"line":226,"column":49}},{"start":{"line":226,"column":52},"end":{"line":226,"column":58}}],"line":226}},"s":{"0":23,"1":23,"2":35,"3":35,"4":35,"5":0,"6":0,"7":23,"8":27,"9":27,"10":27,"11":27,"12":25,"13":2,"14":2,"15":25,"16":23,"17":81,"18":12,"19":12,"20":36,"21":12,"22":12,"23":12,"24":12,"25":12,"26":12,"27":12,"28":24,"29":23,"30":9,"31":1,"32":8,"33":8,"34":8,"35":8,"36":8,"37":8,"38":8,"39":8,"40":8,"41":1,"42":8,"43":8,"44":8,"45":6,"46":3,"47":3,"48":3,"49":3,"50":23,"51":23,"52":138},"f":{"0":23,"1":35,"2":35,"3":23,"4":27,"5":81,"6":12,"7":36,"8":12,"9":12,"10":12,"11":24,"12":9,"13":6,"14":3,"15":138},"b":{"0":[35,2],"1":[27,0],"2":[2,23],"3":[25,4],"4":[81,1,1],"5":[1,8],"6":[8,0],"7":[8,8],"8":[8,0],"9":[8],"10":[8,8],"11":[3,0],"12":[3,3],"13":[23,0]},"_coverageSchema":"1a1c01bbd47fc00a2c39e90264f33305004495a9","hash":"864f92ecab17500c26262533f394812c826e4a4c"}
}
