TN:
SF:budget.js
FN:32,calculateTotal
FN:33,(anonymous_1)
FN:37,calculateBalance
FN:42,formatAmount
FN:47,getValidatedEntry
FN:75,clearInput
FN:76,(anonymous_6)
FN:85,clearElement
FN:86,(anonymous_8)
FN:92,isValidEntry
FN:104,normalizeEntry
FN:116,initDomAndEvents
FN:144,(anonymous_12)
FN:153,(anonymous_13)
FN:178,updateUI
FN:192,(anonymous_15)
FN:210,showEntry
FN:234,deleteOrEdit
FN:248,deleteEntry
FN:261,editEntry
FN:285,initTabSwitching
FN:286,(anonymous_21)
FN:293,(anonymous_22)
FN:300,(anonymous_23)
FN:312,initCookieBanner
FN:313,(anonymous_25)
FN:327,(anonymous_26)
FN:332,(anonymous_27)
FN:343,show
FN:348,hide
FN:349,(anonymous_30)
FN:354,active
FN:359,inactive
FN:360,(anonymous_33)
FN:369,loadEntries
FN:389,saveEntries
FNF:36
FNH:31
FNDA:22,calculateTotal
FNDA:6,(anonymous_1)
FNDA:11,calculateBalance
FNDA:39,formatAmount
FNDA:3,getValidatedEntry
FNDA:3,clearInput
FNDA:6,(anonymous_6)
FNDA:11,clearElement
FNDA:33,(anonymous_8)
FNDA:0,isValidEntry
FNDA:0,normalizeEntry
FNDA:7,initDomAndEvents
FNDA:2,(anonymous_12)
FNDA:1,(anonymous_13)
FNDA:11,updateUI
FNDA:3,(anonymous_15)
FNDA:6,showEntry
FNDA:2,deleteOrEdit
FNDA:2,deleteEntry
FNDA:1,editEntry
FNDA:6,initTabSwitching
FNDA:1,(anonymous_21)
FNDA:1,(anonymous_22)
FNDA:1,(anonymous_23)
FNDA:6,initCookieBanner
FNDA:0,(anonymous_25)
FNDA:0,(anonymous_26)
FNDA:0,(anonymous_27)
FNDA:3,show
FNDA:3,hide
FNDA:6,(anonymous_30)
FNDA:3,active
FNDA:3,inactive
FNDA:6,(anonymous_33)
FNDA:7,loadEntries
FNDA:11,saveEntries
DA:16,1
DA:17,1
DA:22,1
DA:23,1
DA:24,1
DA:25,1
DA:33,22
DA:38,11
DA:43,39
DA:48,3
DA:49,3
DA:51,3
DA:52,0
DA:53,0
DA:56,3
DA:57,3
DA:58,0
DA:59,0
DA:62,3
DA:63,0
DA:64,0
DA:67,3
DA:76,3
DA:77,6
DA:78,6
DA:79,6
DA:86,11
DA:87,33
DA:93,0
DA:105,0
DA:118,7
DA:119,7
DA:120,7
DA:121,7
DA:122,7
DA:123,7
DA:124,7
DA:125,7
DA:126,7
DA:128,7
DA:129,7
DA:130,7
DA:132,7
DA:133,7
DA:134,7
DA:136,7
DA:137,7
DA:138,7
DA:141,7
DA:144,7
DA:145,2
DA:146,2
DA:148,2
DA:149,2
DA:150,2
DA:153,6
DA:154,1
DA:155,1
DA:157,1
DA:158,1
DA:159,1
DA:162,6
DA:163,6
DA:164,6
DA:166,6
DA:167,6
DA:170,6
DA:179,11
DA:180,11
DA:181,11
DA:183,11
DA:185,11
DA:186,11
DA:187,11
DA:189,11
DA:190,11
DA:192,11
DA:193,3
DA:194,2
DA:195,1
DA:196,1
DA:198,3
DA:202,11
DA:203,11
DA:206,11
DA:211,6
DA:213,6
DA:214,6
DA:215,6
DA:217,6
DA:218,6
DA:219,6
DA:221,6
DA:222,6
DA:223,6
DA:225,6
DA:226,6
DA:227,6
DA:229,6
DA:230,6
DA:235,2
DA:236,2
DA:238,2
DA:240,2
DA:241,1
DA:242,1
DA:243,1
DA:249,2
DA:251,2
DA:252,0
DA:253,0
DA:256,2
DA:257,2
DA:262,1
DA:264,1
DA:265,0
DA:266,0
DA:269,1
DA:270,1
DA:271,0
DA:272,0
DA:273,1
DA:274,1
DA:275,1
DA:278,1
DA:286,6
DA:287,1
DA:288,1
DA:289,1
DA:290,1
DA:293,6
DA:294,1
DA:295,1
DA:296,1
DA:297,1
DA:300,6
DA:301,1
DA:302,1
DA:303,1
DA:304,1
DA:313,6
DA:314,0
DA:315,0
DA:316,0
DA:318,0
DA:320,0
DA:321,0
DA:322,0
DA:324,0
DA:327,0
DA:328,0
DA:329,0
DA:332,0
DA:333,0
DA:334,0
DA:344,3
DA:345,3
DA:349,3
DA:350,6
DA:355,3
DA:356,3
DA:360,3
DA:361,6
DA:370,7
DA:371,7
DA:372,7
DA:374,0
DA:375,0
DA:376,0
DA:377,0
DA:378,0
DA:381,0
DA:383,0
DA:384,0
DA:385,0
DA:390,11
DA:391,11
DA:393,0
DA:394,0
DA:403,1
LF:180
LH:141
BRDA:33,0,0,3
BRDA:33,0,1,3
BRDA:51,1,0,0
BRDA:51,1,1,3
BRDA:51,2,0,3
BRDA:51,2,1,3
BRDA:57,3,0,0
BRDA:57,3,1,3
BRDA:62,4,0,0
BRDA:62,4,1,3
BRDA:62,5,0,3
BRDA:62,5,1,3
BRDA:62,5,2,3
BRDA:78,6,0,6
BRDA:78,6,1,0
BRDA:94,7,0,0
BRDA:94,7,1,0
BRDA:94,7,2,0
BRDA:94,7,3,0
BRDA:94,7,4,0
BRDA:94,7,5,0
BRDA:94,7,6,0
BRDA:146,8,0,0
BRDA:146,8,1,2
BRDA:155,9,0,0
BRDA:155,9,1,1
BRDA:183,10,0,9
BRDA:183,10,1,2
BRDA:185,11,0,11
BRDA:185,11,1,0
BRDA:186,12,0,11
BRDA:186,12,1,0
BRDA:187,13,0,11
BRDA:187,13,1,0
BRDA:189,14,0,11
BRDA:189,14,1,0
BRDA:189,15,0,11
BRDA:189,15,1,11
BRDA:189,15,2,11
BRDA:193,16,0,2
BRDA:193,16,1,1
BRDA:195,17,0,1
BRDA:195,17,1,0
BRDA:202,18,0,11
BRDA:202,18,1,0
BRDA:211,19,0,0
BRDA:211,19,1,6
BRDA:238,20,0,0
BRDA:238,20,1,2
BRDA:240,21,0,1
BRDA:240,21,1,1
BRDA:242,22,0,1
BRDA:242,22,1,0
BRDA:251,23,0,0
BRDA:251,23,1,2
BRDA:251,24,0,2
BRDA:251,24,1,2
BRDA:251,24,2,2
BRDA:264,25,0,0
BRDA:264,25,1,1
BRDA:264,26,0,1
BRDA:264,26,1,1
BRDA:264,26,2,1
BRDA:270,27,0,0
BRDA:270,27,1,1
BRDA:273,28,0,1
BRDA:273,28,1,0
BRDA:318,29,0,0
BRDA:318,29,1,0
BRDA:318,30,0,0
BRDA:318,30,1,0
BRDA:318,30,2,0
BRDA:321,31,0,0
BRDA:321,31,1,0
BRDA:344,32,0,0
BRDA:344,32,1,3
BRDA:350,33,0,6
BRDA:350,33,1,0
BRDA:355,34,0,0
BRDA:355,34,1,3
BRDA:361,35,0,6
BRDA:361,35,1,0
BRDA:372,36,0,7
BRDA:372,36,1,0
BRDA:375,37,0,0
BRDA:375,37,1,0
BRF:86
BRH:46
end_of_record
TN:
SF:chart.js
FN:28,drawCircle
FN:44,updateChart
FNF:2
FNH:2
FNDA:1,drawCircle
FNDA:1,updateChart
DA:1,1
DA:3,1
DA:5,1
DA:6,1
DA:7,1
DA:9,1
DA:10,0
DA:11,0
DA:12,0
DA:14,0
DA:16,0
DA:18,0
DA:19,0
DA:20,0
DA:22,0
DA:25,1
DA:29,1
DA:31,0
DA:32,0
DA:33,0
DA:41,0
DA:45,1
DA:47,0
DA:48,0
DA:50,0
DA:52,0
DA:54,0
DA:56,0
DA:57,0
DA:60,1
LF:30
LH:10
BRDA:9,0,0,0
BRDA:9,0,1,1
BRDA:9,1,0,1
BRDA:9,1,1,0
BRDA:9,1,2,0
BRDA:18,2,0,0
BRDA:18,2,1,0
BRDA:29,3,0,1
BRDA:29,3,1,0
BRDA:29,4,0,1
BRDA:29,4,1,0
BRDA:45,5,0,1
BRDA:45,5,1,0
BRDA:45,6,0,1
BRDA:45,6,1,0
BRDA:47,7,0,0
BRDA:47,7,1,0
BRDA:48,8,0,0
BRDA:48,8,1,0
BRDA:54,9,0,0
BRDA:54,9,1,0
BRF:21
BRH:6
end_of_record
TN:
SF:config.js
FNF:0
FNH:0
DA:2,2
DA:17,2
LF:2
LH:2
BRF:0
BRH:0
end_of_record
TN:
SF:jest.config.js
FNF:0
FNH:0
DA:1,0
LF:1
LH:0
BRF:0
BRH:0
end_of_record
