TN:
SF:budget.js
FN:18,calculateTotal
FN:19,(anonymous_1)
FN:22,calculateBalance
FN:26,formatAmount
FN:30,getValidatedEntry
FN:57,clearInput
FN:58,(anonymous_6)
FN:66,clearElement
FN:67,(anonymous_8)
FN:72,isValidEntry
FN:83,normalizeEntry
FN:94,initDomAndEvents
FN:127,(anonymous_12)
FN:136,(anonymous_13)
FN:157,updateUI
FN:170,(anonymous_15)
FN:187,showEntry
FN:210,deleteOrEdit
FN:221,deleteEntry
FN:231,editEntry
FN:250,initTabSwitching
FN:251,(anonymous_21)
FN:258,(anonymous_22)
FN:265,(anonymous_23)
FN:275,initCookieBanner
FN:281,show
FN:286,hide
FN:287,(anonymous_27)
FN:292,active
FN:297,inactive
FN:298,(anonymous_30)
FN:303,loadEntries
FN:321,saveEntries
FNF:33
FNH:32
FNDA:44,calculateTotal
FNDA:28,(anonymous_1)
FNDA:23,calculateBalance
FNDA:87,formatAmount
FNDA:11,getValidatedEntry
FNDA:10,clearInput
FNDA:20,(anonymous_6)
FNDA:22,clearElement
FNDA:65,(anonymous_8)
FNDA:3,isValidEntry
FNDA:1,normalizeEntry
FNDA:10,initDomAndEvents
FNDA:5,(anonymous_12)
FNDA:4,(anonymous_13)
FNDA:21,updateUI
FNDA:11,(anonymous_15)
FNDA:22,showEntry
FNDA:2,deleteOrEdit
FNDA:2,deleteEntry
FNDA:1,editEntry
FNDA:10,initTabSwitching
FNDA:1,(anonymous_21)
FNDA:1,(anonymous_22)
FNDA:1,(anonymous_23)
FNDA:10,initCookieBanner
FNDA:3,show
FNDA:3,hide
FNDA:6,(anonymous_27)
FNDA:3,active
FNDA:3,inactive
FNDA:6,(anonymous_30)
FNDA:0,loadEntries
FNDA:21,saveEntries
DA:10,19
DA:11,19
DA:13,19
DA:14,19
DA:19,44
DA:23,23
DA:27,87
DA:31,11
DA:32,11
DA:34,11
DA:35,1
DA:36,1
DA:39,10
DA:40,10
DA:41,0
DA:42,0
DA:45,10
DA:46,0
DA:47,0
DA:50,10
DA:58,10
DA:59,20
DA:60,20
DA:61,20
DA:67,22
DA:68,65
DA:73,3
DA:74,2
DA:84,1
DA:93,19
DA:96,10
DA:99,10
DA:100,10
DA:102,10
DA:103,10
DA:104,10
DA:105,10
DA:106,10
DA:107,10
DA:108,10
DA:109,10
DA:110,10
DA:112,10
DA:113,10
DA:114,10
DA:116,10
DA:117,10
DA:118,10
DA:120,10
DA:121,10
DA:122,10
DA:127,10
DA:128,5
DA:129,5
DA:131,5
DA:132,5
DA:133,5
DA:136,10
DA:137,4
DA:138,4
DA:140,4
DA:141,4
DA:142,4
DA:145,10
DA:146,10
DA:147,10
DA:149,10
DA:150,10
DA:152,10
DA:158,21
DA:159,21
DA:160,21
DA:162,21
DA:164,21
DA:165,21
DA:166,21
DA:168,21
DA:169,21
DA:170,21
DA:171,11
DA:172,5
DA:173,6
DA:174,6
DA:176,11
DA:180,21
DA:181,21
DA:184,21
DA:188,22
DA:190,22
DA:191,22
DA:192,22
DA:194,22
DA:195,22
DA:196,22
DA:198,22
DA:199,22
DA:200,22
DA:202,22
DA:203,22
DA:204,22
DA:206,22
DA:207,22
DA:211,2
DA:212,2
DA:213,2
DA:214,2
DA:215,1
DA:216,1
DA:217,1
DA:222,2
DA:223,2
DA:224,0
DA:225,0
DA:227,2
DA:228,2
DA:232,1
DA:233,1
DA:234,0
DA:235,0
DA:237,1
DA:238,1
DA:239,0
DA:240,0
DA:241,1
DA:242,1
DA:243,1
DA:245,1
DA:251,10
DA:252,1
DA:253,1
DA:254,1
DA:255,1
DA:258,10
DA:259,1
DA:260,1
DA:261,1
DA:262,1
DA:265,10
DA:266,1
DA:267,1
DA:268,1
DA:269,1
DA:282,3
DA:283,3
DA:287,3
DA:288,6
DA:293,3
DA:294,3
DA:298,3
DA:299,6
DA:304,0
DA:305,0
DA:306,0
DA:307,0
DA:308,0
DA:309,0
DA:310,0
DA:311,0
DA:313,0
DA:315,0
DA:316,0
DA:317,0
DA:322,21
DA:323,21
DA:325,0
DA:326,0
DA:332,19
LF:167
LH:143
BRDA:19,0,0,14
BRDA:19,0,1,14
BRDA:34,1,0,1
BRDA:34,1,1,10
BRDA:34,2,0,11
BRDA:34,2,1,10
BRDA:40,3,0,0
BRDA:40,3,1,10
BRDA:45,4,0,0
BRDA:45,4,1,10
BRDA:45,5,0,10
BRDA:45,5,1,10
BRDA:45,5,2,10
BRDA:60,6,0,20
BRDA:60,6,1,0
BRDA:73,7,0,1
BRDA:73,7,1,2
BRDA:75,8,0,2
BRDA:75,8,1,1
BRDA:75,8,2,1
BRDA:75,8,3,1
BRDA:75,8,4,1
BRDA:75,8,5,1
BRDA:99,9,0,0
BRDA:99,9,1,10
BRDA:127,10,0,10
BRDA:127,10,1,10
BRDA:129,11,0,0
BRDA:129,11,1,5
BRDA:136,12,0,10
BRDA:136,12,1,10
BRDA:138,13,0,0
BRDA:138,13,1,4
BRDA:145,14,0,10
BRDA:145,14,1,10
BRDA:146,15,0,10
BRDA:146,15,1,10
BRDA:147,16,0,10
BRDA:147,16,1,10
BRDA:162,17,0,17
BRDA:162,17,1,4
BRDA:164,18,0,21
BRDA:164,18,1,0
BRDA:165,19,0,21
BRDA:165,19,1,0
BRDA:166,20,0,21
BRDA:166,20,1,0
BRDA:168,21,0,21
BRDA:168,21,1,0
BRDA:168,22,0,21
BRDA:168,22,1,21
BRDA:168,22,2,21
BRDA:171,23,0,5
BRDA:171,23,1,6
BRDA:173,24,0,6
BRDA:173,24,1,0
BRDA:180,25,0,21
BRDA:180,25,1,0
BRDA:188,26,0,0
BRDA:188,26,1,22
BRDA:213,27,0,0
BRDA:213,27,1,2
BRDA:214,28,0,1
BRDA:214,28,1,1
BRDA:216,29,0,1
BRDA:216,29,1,0
BRDA:223,30,0,0
BRDA:223,30,1,2
BRDA:223,31,0,2
BRDA:223,31,1,2
BRDA:223,31,2,2
BRDA:233,32,0,0
BRDA:233,32,1,1
BRDA:233,33,0,1
BRDA:233,33,1,1
BRDA:233,33,2,1
BRDA:238,34,0,0
BRDA:238,34,1,1
BRDA:241,35,0,1
BRDA:241,35,1,0
BRDA:251,36,0,10
BRDA:251,36,1,10
BRDA:258,37,0,10
BRDA:258,37,1,10
BRDA:265,38,0,10
BRDA:265,38,1,10
BRDA:282,39,0,0
BRDA:282,39,1,3
BRDA:288,40,0,6
BRDA:288,40,1,0
BRDA:293,41,0,0
BRDA:293,41,1,3
BRDA:299,42,0,6
BRDA:299,42,1,0
BRDA:306,43,0,0
BRDA:306,43,1,0
BRDA:308,44,0,0
BRDA:308,44,1,0
BRF:98
BRH:71
end_of_record
TN:
SF:chart.js
FN:42,drawCircle
FN:58,updateChart
FNF:2
FNH:2
FNDA:9,drawCircle
FNDA:4,updateChart
DA:2,7
DA:17,7
DA:19,7
DA:20,7
DA:21,7
DA:23,7
DA:24,6
DA:25,6
DA:26,6
DA:28,6
DA:30,6
DA:32,6
DA:33,6
DA:34,6
DA:36,0
DA:39,1
DA:43,9
DA:45,9
DA:46,9
DA:47,9
DA:55,9
DA:59,4
DA:61,4
DA:62,4
DA:64,4
DA:66,4
DA:68,4
DA:70,4
DA:71,4
DA:74,7
LF:30
LH:29
BRDA:23,0,0,6
BRDA:23,0,1,1
BRDA:23,1,0,7
BRDA:23,1,1,6
BRDA:23,1,2,6
BRDA:32,2,0,6
BRDA:32,2,1,0
BRDA:43,3,0,0
BRDA:43,3,1,9
BRDA:43,4,0,9
BRDA:43,4,1,9
BRDA:59,5,0,0
BRDA:59,5,1,4
BRDA:59,6,0,4
BRDA:59,6,1,4
BRDA:61,7,0,3
BRDA:61,7,1,1
BRDA:62,8,0,2
BRDA:62,8,1,2
BRDA:68,9,0,1
BRDA:68,9,1,3
BRF:21
BRH:18
end_of_record
TN:
SF:config.js
FNF:0
FNH:0
DA:2,0
LF:1
LH:0
BRF:0
BRH:0
end_of_record
TN:
SF:jest.config.js
FNF:0
FNH:0
DA:1,0
LF:1
LH:0
BRF:0
BRH:0
end_of_record
